<?xml version="1.0" encoding="utf-8"?><testsuites name="pytest tests"><testsuite name="pytest" errors="0" failures="0" skipped="0" tests="383" time="873.812" timestamp="2026-09-09T07:52:32.615055+08:00" hostname="Daligdig"><testcase classname="tests.contract.test_crawl_safety" name="test_nonpublic_addresses_rejected[127.0.0.1]" time="0.002" /><testcase classname="tests.contract.test_crawl_safety" name="test_nonpublic_addresses_rejected[10.0.0.1]" time="0.002" /><testcase classname="tests.contract.test_crawl_safety" name="test_nonpublic_addresses_rejected[169.254.169.254]" time="0.002" /><testcase classname="tests.contract.test_crawl_safety" name="test_nonpublic_addresses_rejected[0.0.0.0]" time="0.002" /><testcase classname="tests.contract.test_crawl_safety" name="test_nonpublic_addresses_rejected[224.0.0.1]" time="0.001" /><testcase classname="tests.contract.test_crawl_safety" name="test_nonpublic_addresses_rejected[100.64.0.1]" time="0.001" /><testcase classname="tests.contract.test_crawl_safety" name="test_nonpublic_addresses_rejected[::1]" time="0.001" /><testcase classname="tests.contract.test_crawl_safety" name="test_nonpublic_addresses_rejected[fe80::1]" time="0.001" /><testcase classname="tests.contract.test_crawl_safety" name="test_nonpublic_addresses_rejected[fc00::1]" time="0.001" /><testcase classname="tests.contract.test_crawl_safety" name="test_nonpublic_addresses_rejected[::ffff:10.0.0.1]" time="0.001" /><testcase classname="tests.contract.test_crawl_safety" name="test_nonpublic_addresses_rejected[2002:0a00:0001::1]" time="0.002" /><testcase classname="tests.contract.test_crawl_safety" name="test_nonpublic_addresses_rejected[192.0.2.1]" time="0.001" /><testcase classname="tests.contract.test_crawl_safety" name="test_bad_urls_rejected[file:///etc/passwd]" time="0.001" /><testcase classname="tests.contract.test_crawl_safety" name="test_bad_urls_rejected[http://name:secret@example.com/]" time="0.001" /><testcase classname="tests.contract.test_crawl_safety" name="test_bad_urls_rejected[http://example.com:8080/]" time="0.001" /><testcase classname="tests.contract.test_crawl_safety" name="test_bad_urls_rejected[https://example.com/\r\nInjected:1]" time="0.002" /><testcase classname="tests.contract.test_crawl_safety" name="test_bad_urls_rejected[https://example.com\\@127.0.0.1]" time="0.002" /><testcase classname="tests.contract.test_crawl_safety" name="test_bad_urls_rejected[http://[fe80::1%25eth0]/]" time="0.001" /><testcase classname="tests.contract.test_crawl_safety" name="test_mixed_answers_never_reach_transport" time="0.061" /><testcase classname="tests.contract.test_crawl_safety" name="test_redirect_metadata_is_blocked_before_any_unsafe_request" time="0.002" /><testcase classname="tests.contract.test_crawl_safety" name="test_each_redirect_resolves_again_and_blocks_rebinding" time="0.002" /><testcase classname="tests.contract.test_crawl_safety" name="test_peer_change_rejected_at_transport_boundary" time="0.002" /><testcase classname="tests.contract.test_crawl_safety" name="test_robots_wildcards_disallow_and_cache" time="0.003" /><testcase classname="tests.contract.test_crawl_safety" name="test_failed_robots_cached_and_site_429_stops" time="0.002" /><testcase classname="tests.contract.test_crawl_safety" name="test_six_page_limit_no_assets_and_domain_throttle" time="0.006" /><testcase classname="tests.contract.test_crawl_safety" name="test_redirect_and_response_budgets" time="0.004" /><testcase classname="tests.contract.test_crawl_safety" name="test_static_only_terms_and_stricter_robots_delay" time="0.003" /><testcase classname="tests.contract.test_crawl_safety" name="test_real_transport_connects_pinned_numeric_ip_with_original_host_sni" time="0.002" /><testcase classname="tests.contract.test_crawl_safety" name="test_real_transport_rejects_certificate_mismatch_before_http" time="0.002" /><testcase classname="tests.contract.test_crawl_safety" name="test_real_transport_rejects_changed_peer_before_tls_http" time="0.002" /><testcase classname="tests.contract.test_crawl_safety" name="test_transport_cannot_disable_certificate_validation" time="0.033" /><testcase classname="tests.contract.test_crawl_safety" name="test_total_twenty_request_budget_includes_robots_and_redirects" time="0.006" /><testcase classname="tests.contract.test_crawl_safety" name="test_deadline_includes_resolution_and_never_connects_after_expiry" time="0.002" /><testcase classname="tests.contract.test_crawl_safety" name="test_real_transport_rejects_truncated_body" time="0.002" /><testcase classname="tests.integration.test_abr_recovery" name="test_baseline_change_recurrence_retry_and_current_noop" time="7.069" /><testcase classname="tests.integration.test_abr_recovery" name="test_faults_rollback_all_source_effects_and_retry[after_artifacts]" time="6.987" /><testcase classname="tests.integration.test_abr_recovery" name="test_faults_rollback_all_source_effects_and_retry[after_snapshot]" time="6.063" /><testcase classname="tests.integration.test_abr_recovery" name="test_faults_rollback_all_source_effects_and_retry[after_events]" time="5.988" /><testcase classname="tests.integration.test_abr_recovery" name="test_faults_rollback_all_source_effects_and_retry[before_cursor]" time="5.770" /><testcase classname="tests.integration.test_abr_recovery" name="test_faults_rollback_all_source_effects_and_retry[after_cursor]" time="6.754" /><testcase classname="tests.integration.test_abr_recovery" name="test_faults_rollback_all_source_effects_and_retry[before_commit]" time="6.401" /><testcase classname="tests.integration.test_abr_recovery" name="test_cached_observation_cursor_conflict_and_unverified_artifact_hold" time="6.134" /><testcase classname="tests.integration.test_abr_recovery" name="test_source_lock_is_nonblocking_and_source_specific" time="5.629" /><testcase classname="tests.integration.test_abr_recovery" name="test_parser_change_requires_explicit_rebaseline" time="5.242" /><testcase classname="tests.integration.test_abr_recovery" name="test_cancellation_alias_blocks_group_in_same_transaction" time="5.642" /><testcase classname="tests.integration.test_abr_recovery" name="test_source_alias_cancellation_resolves_merged_family" time="6.007" /><testcase classname="tests.integration.test_abr_recovery" name="test_empty_or_forged_full_diff_cannot_advance_cursor" time="6.261" /><testcase classname="tests.integration.test_abr_recovery" name="test_publication_fill_breach_holds_cursor_and_valid_retry_promotes" time="6.506" /><testcase classname="tests.integration.test_abr_recovery" name="test_zero_event_geography_change_disqualifies_existing_profile" time="7.593" /><testcase classname="tests.integration.test_abr_recovery" name="test_qbcc_backlog_collapses_shared_abn_and_inactive_blocks_group" time="8.367" /><testcase classname="tests.integration.test_acceptance_matrix" name="test_real_database_rejects_cross_record_provenance[contact_id]" time="3.495" /><testcase classname="tests.integration.test_acceptance_matrix" name="test_real_database_rejects_cross_record_provenance[channel]" time="3.226" /><testcase classname="tests.integration.test_acceptance_matrix" name="test_real_database_rejects_cross_record_provenance[lead_id]" time="3.490" /><testcase classname="tests.integration.test_acceptance_matrix" name="test_real_database_rejects_cross_record_provenance[domain_identity_id]" time="2.993" /><testcase classname="tests.integration.test_acceptance_matrix" name="test_first_capture_cannot_point_at_another_contacts_provenance" time="3.735" /><testcase classname="tests.integration.test_acceptance_matrix" name="test_brisbane_month_rollover_preserves_uncertain_old_reservation" time="3.652" /><testcase classname="tests.integration.test_acceptance_matrix" name="test_zero_cap_refuses_paid_reservation_before_any_ledger_write" time="2.996" /><testcase classname="tests.integration.test_acceptance_matrix" name="test_latest_negative_wash_overrides_older_clear[False-listed]" time="3.426" /><testcase classname="tests.integration.test_acceptance_matrix" name="test_latest_negative_wash_overrides_older_clear[False-error]" time="3.486" /><testcase classname="tests.integration.test_acceptance_matrix" name="test_latest_negative_wash_overrides_older_clear[True-listed]" time="3.765" /><testcase classname="tests.integration.test_acceptance_matrix" name="test_latest_negative_wash_overrides_older_clear[True-error]" time="3.072" /><testcase classname="tests.integration.test_api_assignments" name="test_phone_creation_and_consumption_require_current_assignment" time="3.659" /><testcase classname="tests.integration.test_api_assignments" name="test_activity_binding_and_correction_chain" time="3.785" /><testcase classname="tests.integration.test_backup" name="test_native_pg_dump_restore_replays_latest_ledger" time="28.491" /><testcase classname="tests.integration.test_backup" name="test_live_restore_drill_refused_before_native_process" time="2.252" /><testcase classname="tests.integration.test_control" name="test_positive_candidate_and_latest_unknown_blocks" time="3.286" /><testcase classname="tests.integration.test_control" name="test_suppression_first_denies_pending_and_preserves_event" time="3.163" /><testcase classname="tests.integration.test_control" name="test_consumption_first_preserves_inflight_and_replay_contract" time="2.953" /><testcase classname="tests.integration.test_control" name="test_worklist_stale_optout_still_commits" time="4.336" /><testcase classname="tests.integration.test_control" name="test_budget_concurrent_cap_and_uncertain_crossmonth" time="5.367" /><testcase classname="tests.integration.test_control" name="test_api_auth_idempotent_commit_and_changed_body" time="4.477" /><testcase classname="tests.integration.test_control" name="test_api_closed_schema_and_body_limit" time="2.903" /><testcase classname="tests.integration.test_control" name="test_api_naive_bridge_timestamp_rejected" time="3.076" /><testcase classname="tests.integration.test_control_review_regressions" name="test_express_pass_without_scope_rejected_at_service_boundary" time="4.546" /><testcase classname="tests.integration.test_control_review_regressions" name="test_sql_null_required_basis_cannot_commit[inferred]" time="3.750" /><testcase classname="tests.integration.test_control_review_regressions" name="test_sql_null_required_basis_cannot_commit[express]" time="3.040" /><testcase classname="tests.integration.test_control_review_regressions" name="test_valid_express_pass_without_inferred_limbs_allows_candidate" time="3.422" /><testcase classname="tests.integration.test_control_review_regressions" name="test_express_pass_requires_current_explicit_consent_evidence[missing]" time="4.239" /><testcase classname="tests.integration.test_control_review_regressions" name="test_express_pass_requires_current_explicit_consent_evidence[future]" time="3.568" /><testcase classname="tests.integration.test_control_review_regressions" name="test_express_pass_requires_current_explicit_consent_evidence[withdrawn]" time="3.670" /><testcase classname="tests.integration.test_control_review_regressions" name="test_express_pass_requires_current_explicit_consent_evidence[unknown]" time="3.689" /><testcase classname="tests.integration.test_control_review_regressions" name="test_express_pass_requires_current_explicit_consent_evidence[empty_source]" time="4.437" /><testcase classname="tests.integration.test_control_review_regressions" name="test_express_pass_requires_current_explicit_consent_evidence[empty_campaigns]" time="3.809" /><testcase classname="tests.integration.test_control_review_regressions" name="test_express_consent_scope_rechecked_for_exact_action_campaign[fixture-campaign-True]" time="3.545" /><testcase classname="tests.integration.test_control_review_regressions" name="test_express_consent_scope_rechecked_for_exact_action_campaign[unrelated-campaign-False]" time="3.728" /><testcase classname="tests.integration.test_control_review_regressions" name="test_incomplete_capture_never_creates_contact[change0]" time="3.812" /><testcase classname="tests.integration.test_control_review_regressions" name="test_incomplete_capture_never_creates_contact[change1]" time="4.587" /><testcase classname="tests.integration.test_control_review_regressions" name="test_incomplete_capture_never_creates_contact[change2]" time="3.551" /><testcase classname="tests.integration.test_control_review_regressions" name="test_capture_retains_real_full_content_digest_and_ciphertext" time="3.154" /><testcase classname="tests.integration.test_control_review_regressions" name="test_closed_live_collection_gate_blocks_before_contact_write" time="4.124" /><testcase classname="tests.integration.test_control_review_regressions" name="test_wrong_domain_capture_cannot_satisfy_provenance" time="3.354" /><testcase classname="tests.integration.test_control_review_regressions" name="test_endpoint_only_optout_schedules_each_shared_remote_group" time="4.008" /><testcase classname="tests.integration.test_control_review_regressions" name="test_unknown_phone_timezone_cannot_export_even_with_current_wash" time="4.207" /><testcase classname="tests.integration.test_control_review_regressions" name="test_confirmed_phone_candidate_with_calendar_and_wash_allowed" time="3.122" /><testcase classname="tests.integration.test_control_review_regressions" name="test_nonempty_but_invalid_iana_timezone_is_still_blocked" time="2.727" /><testcase classname="tests.integration.test_control_review_regressions" name="test_calling_calendar_invalid_dates_cannot_masquerade_as_coverage" time="2.754" /><testcase classname="tests.integration.test_control_review_regressions" name="test_retention_override_cannot_delete_suppression_ledger" time="4.066" /><testcase classname="tests.integration.test_control_review_regressions" name="test_identity_two_attributes_require_distinct_reference_objects[references0]" time="2.865" /><testcase classname="tests.integration.test_control_review_regressions" name="test_identity_two_attributes_require_distinct_reference_objects[references1]" time="2.878" /><testcase classname="tests.integration.test_control_review_regressions" name="test_identity_two_attributes_require_distinct_reference_objects[truthy-string]" time="3.639" /><testcase classname="tests.integration.test_control_review_regressions" name="test_exact_identity_requires_real_identifier_in_matching_domain_capture[capture0]" time="5.017" /><testcase classname="tests.integration.test_control_review_regressions" name="test_exact_identity_requires_real_identifier_in_matching_domain_capture[capture1]" time="3.724" /><testcase classname="tests.integration.test_control_review_regressions" name="test_exact_identity_requires_real_identifier_in_matching_domain_capture[capture2]" time="3.314" /><testcase classname="tests.integration.test_control_review_regressions" name="test_budget_rejects_understated_amount_and_missing_price" time="3.275" /><testcase classname="tests.integration.test_control_review_regressions" name="test_budget_valid_tariff_has_positive_reservation" time="4.394" /><testcase classname="tests.integration.test_control_review_regressions" name="test_short_and_reused_key_material_rejected" time="0.002" /><testcase classname="tests.integration.test_control_review_regressions" name="test_encrypted_key_rotation_survives_reload_and_prior_is_lookup_only" time="0.083" /><testcase classname="tests.integration.test_control_review_regressions" name="test_stale_key_store_writer_does_not_overwrite_rotation" time="0.073" /><testcase classname="tests.integration.test_control_review_regressions" name="test_live_plaintext_key_store_is_rejected" time="0.039" /><testcase classname="tests.integration.test_control_review_regressions" name="test_retirement_of_unused_prior_key_persists" time="3.348" /><testcase classname="tests.integration.test_control_review_regressions" name="test_missing_retained_key_freezes_before_future_source_matching" time="2.414" /><testcase classname="tests.integration.test_control_review_regressions" name="test_retained_suppression_key_cannot_be_retired_after_rotation" time="2.260" /><testcase classname="tests.integration.test_control_review_regressions" name="test_same_version_replacement_material_cannot_silently_lose_optout" time="2.415" /><testcase classname="tests.integration.test_cost_evidence" name="test_cost_inputs_make_full_costs_known_without_counting_budget_usage_as_cash" time="2.473" /><testcase classname="tests.integration.test_cost_evidence" name="test_partial_evidence_retains_unknowns_and_cohort_allocations_are_separate" time="2.549" /><testcase classname="tests.integration.test_cost_evidence" name="test_conflicting_period_future_approval_and_unsubstantiated_fields_rejected" time="2.869" /><testcase classname="tests.integration.test_cost_evidence" name="test_cost_receipts_erased90days_numeric_metrics24months_and_unknown_time" time="2.461" /><testcase classname="tests.integration.test_crm_recovery" name="test_create_timeout_reconciles_verified_payload_without_duplicate" time="3.895" /><testcase classname="tests.integration.test_crm_recovery" name="test_update_timeout_does_not_confuse_existing_identity_with_desired_fields[False]" time="4.850" /><testcase classname="tests.integration.test_crm_recovery" name="test_update_timeout_does_not_confuse_existing_identity_with_desired_fields[True]" time="4.036" /><testcase classname="tests.integration.test_crm_recovery" name="test_lookup_timeout_retries_discovery_and_can_create" time="4.078" /><testcase classname="tests.integration.test_crm_recovery" name="test_unknown_create_without_match_never_blindly_creates_again" time="6.368" /><testcase classname="tests.integration.test_crm_recovery" name="test_suppression_can_commit_during_provider_lookup_and_prevents_dispatch" time="6.152" /><testcase classname="tests.integration.test_crm_recovery" name="test_inflight_create_after_suppression_commits_adds_new_propagation_work" time="4.727" /><testcase classname="tests.integration.test_crm_recovery" name="test_lease_ownership_blocks_second_worker_during_provider_io" time="3.509" /><testcase classname="tests.integration.test_crm_recovery" name="test_worker_crash_after_remote_create_reclaims_by_durable_operation" time="3.929" /><testcase classname="tests.integration.test_crm_recovery" name="test_payload_mismatch_after_successful_response_does_not_mark_success" time="3.886" /><testcase classname="tests.integration.test_crm_recovery" name="test_repeated_uncertain_create_dead_letters_without_new_create" time="6.077" /><testcase classname="tests.integration.test_crm_recovery" name="test_review_revision_changed_during_lookup_prevents_dispatch" time="3.965" /><testcase classname="tests.integration.test_crm_recovery" name="test_contradictory_remote_group_is_held_without_updating" time="3.641" /><testcase classname="tests.integration.test_crm_recovery" name="test_suppressed_crashed_create_reconciles_for_removal_without_new_write" time="4.479" /><testcase classname="tests.integration.test_crm_recovery" name="test_typed_mapping_rejects_invalid_actual_projection[score-True]" time="0.008" /><testcase classname="tests.integration.test_crm_recovery" name="test_typed_mapping_rejects_invalid_actual_projection[score-101]" time="0.009" /><testcase classname="tests.integration.test_crm_recovery" name="test_typed_mapping_rejects_invalid_actual_projection[abn-123]" time="0.008" /><testcase classname="tests.integration.test_crm_recovery" name="test_typed_mapping_rejects_invalid_actual_projection[tier-B]" time="0.008" /><testcase classname="tests.integration.test_crm_recovery" name="test_typed_mapping_rejects_invalid_actual_projection[website-javascript:alert(1)]" time="0.007" /><testcase classname="tests.integration.test_crm_recovery" name="test_typed_mapping_rejects_invalid_actual_projection[state-None]" time="0.007" /><testcase classname="tests.integration.test_crm_recovery" name="test_typed_mapping_rejects_invalid_actual_projection[positioning_notes-xxxxxxxxxxxxxxxxxxxxxxxxxxxxxxxxxxxxxxxxxxxxxxxxxxxxxxxxxxxxxxxxxxxxxxxxxxxxxxxxxxxxxxxxxxxxxxxxxxxxxxxxxxxxxxxxxxxxxxxxxxxxxxxxxxxxxxxxxxxxxxxxxxxxxxxxxxxxxxxxxxxxxxxxxxxxxxxxxxxxxxxxxxxxxxxxxxxxxxxxxxxxxxxxxxxxxxxxxxxxxxxxxxxxxxxxxxxxxxxxxxxxxxxxxxxxxxxxxxxxxxxxxxxxxxxxxxxxxxxxxxxxxxxxxxxxxxxxxxxxxxxxxxxxxxxxxxxxxxxxxxxxxxxxxxxxxxxxxxxxxxxxxxxxxxxxxxxxxxxxxxxxxxxxxxxxxxxxxxxxxxxxxxxxxxxxxxxxxxxxx]" time="0.007" /><testcase classname="tests.integration.test_crm_recovery" name="test_duplicate_custom_field_ids_fail_closed" time="0.034" /><testcase classname="tests.integration.test_duplicate_hints" name="test_same_name_alone_never_hints_or_merges" time="2.554" /><testcase classname="tests.integration.test_duplicate_hints" name="test_shared_domain_hints_never_disclose_contact_or_merge" time="3.502" /><testcase classname="tests.integration.test_enrichment_worker" name="test_complete_receipts_scores_and_lead_wide_cache" time="5.005" /><testcase classname="tests.integration.test_enrichment_worker" name="test_unknown_response_reconciles_same_id_and_never_repays" time="6.755" /><testcase classname="tests.integration.test_enrichment_worker" name="test_nonzero_budget_stop_is_resumable_and_not_attempted" time="8.734" /><testcase classname="tests.integration.test_enrichment_worker" name="test_suppression_during_transport_settles_but_never_applies" time="6.810" /><testcase classname="tests.integration.test_enrichment_worker" name="test_discovery_failure_vs_interruption[exhausted-exhausted]" time="5.854" /><testcase classname="tests.integration.test_enrichment_worker" name="test_discovery_failure_vs_interruption[quota-blocked]" time="6.610" /><testcase classname="tests.integration.test_enrichment_worker" name="test_discovery_failure_vs_interruption[uncertain-blocked]" time="7.513" /><testcase classname="tests.integration.test_enrichment_worker" name="test_claim_excludes_concurrent_worker_and_policy_revocation" time="6.074" /><testcase classname="tests.integration.test_enrichment_worker" name="test_final_receipt_survives_policy_hold_without_provider_repay" time="11.538" /><testcase classname="tests.integration.test_enrichment_worker" name="test_expired_lease_response_cannot_apply_and_reconciles" time="11.098" /><testcase classname="tests.integration.test_enrichment_worker" name="test_exhausted_receipt_after_policy_hold_never_starts_later_stages" time="6.302" /><testcase classname="tests.integration.test_enrichment_worker_review" name="test_quarantine_prevents_any_provider_reservation_or_call[restore_quarantine]" time="3.783" /><testcase classname="tests.integration.test_enrichment_worker_review" name="test_quarantine_prevents_any_provider_reservation_or_call[key_compromised]" time="3.124" /><testcase classname="tests.integration.test_enrichment_worker_review" name="test_quarantine_prevents_any_provider_reservation_or_call[memory]" time="3.171" /><testcase classname="tests.integration.test_enrichment_worker_review" name="test_merged_business_cooldown_survives_source_profile_erasure" time="5.044" /><testcase classname="tests.integration.test_enrichment_worker_review" name="test_expired_retained_receipt_body_blocks_without_crash_or_repayment" time="4.010" /><testcase classname="tests.integration.test_final_report_review" name="test_report_flags_shared_domain_for_review_without_merging" time="2.959" /><testcase classname="tests.integration.test_final_report_review" name="test_report_context_refuses_personal_projection_in_quarantine[restore_quarantine]" time="3.287" /><testcase classname="tests.integration.test_final_report_review" name="test_report_context_refuses_personal_projection_in_quarantine[key_compromised]" time="2.850" /><testcase classname="tests.integration.test_final_report_review" name="test_report_context_refuses_personal_projection_in_quarantine[memory]" time="3.373" /><testcase classname="tests.integration.test_merge" name="test_merge_preserves_history_and_future_alias_lookup" time="3.459" /><testcase classname="tests.integration.test_merge" name="test_merge_optout_propagates_to_every_member_and_future_alias[before]" time="4.202" /><testcase classname="tests.integration.test_merge" name="test_merge_optout_propagates_to_every_member_and_future_alias[after]" time="4.181" /><testcase classname="tests.integration.test_merge" name="test_merge_blocks_stale_evidence_and_remote_identity" time="4.392" /><testcase classname="tests.integration.test_merge_cancellation_resolution" name="test_resolving_family_cancellation_never_reactivates_merged_source" time="4.128" /><testcase classname="tests.integration.test_merge_evidence_retention" name="test_merge_evidence_expires_while_minimal_graph_and_holds_survive" time="3.623" /><testcase classname="tests.integration.test_merge_evidence_retention" name="test_merge_evidence_cannot_be_erased_early_or_fabricated_missing" time="3.420" /><testcase classname="tests.integration.test_merge_evidence_retention" name="test_selected_profile_archive_preserves_available_merge_review" time="5.995" /><testcase classname="tests.integration.test_merge_review_regressions" name="test_canonical_identity_and_licence_accept_preserved_family_alias[False]" time="6.318" /><testcase classname="tests.integration.test_merge_review_regressions" name="test_canonical_identity_and_licence_accept_preserved_family_alias[True]" time="4.011" /><testcase classname="tests.integration.test_merge_review_regressions" name="test_merge_requires_distinct_nonblank_evidence[refs0]" time="4.574" /><testcase classname="tests.integration.test_merge_review_regressions" name="test_merge_requires_distinct_nonblank_evidence[refs1]" time="3.429" /><testcase classname="tests.integration.test_merge_review_regressions" name="test_erased_merged_member_preserves_future_business_and_endpoint_stops[False]" time="4.195" /><testcase classname="tests.integration.test_merge_review_regressions" name="test_erased_merged_member_preserves_future_business_and_endpoint_stops[True]" time="3.011" /><testcase classname="tests.integration.test_merge_review_regressions" name="test_latest_ledger_restores_merge_before_matching_source_alias" time="3.909" /><testcase classname="tests.integration.test_merge_review_regressions" name="test_merge_invalidates_pending_crm_on_both_members" time="3.110" /><testcase classname="tests.integration.test_merge_review_regressions" name="test_merge_rejects_dispatched_crm_without_changing_graph[inflight]" time="3.279" /><testcase classname="tests.integration.test_merge_review_regressions" name="test_merge_rejects_dispatched_crm_without_changing_graph[uncertain]" time="3.763" /><testcase classname="tests.integration.test_operational_summary" name="test_database_summary_counts_cumulative_attempts_and_deduplicates_alarm" time="4.013" /><testcase classname="tests.integration.test_ops_monitor" name="test_closed_observation_rejects_personal_fields_and_unreferenced_inventory" time="0.005" /><testcase classname="tests.integration.test_ops_monitor" name="test_inventory_thresholds_are_persisted_deduplicated_and_unknown_explicit" time="3.572" /><testcase classname="tests.integration.test_ops_monitor" name="test_actual_run_resources_policy_heartbeat_and_backup_failure" time="4.069" /><testcase classname="tests.integration.test_ops_monitor" name="test_distinct_nonbaseline_publications_only_enter_volume_reference" time="3.414" /><testcase classname="tests.integration.test_ops_monitor" name="test_mock_delivery_two_workers_one_receipt_and_no_raw_payload" time="3.385" /><testcase classname="tests.integration.test_ops_monitor" name="test_mock_retry_due_time_and_five_attempt_dead_letter" time="5.992" /><testcase classname="tests.integration.test_ops_monitor" name="test_expired_claim_recovered_and_exhausted_claim_closed" time="4.688" /><testcase classname="tests.integration.test_ops_monitor" name="test_control_failure_inventory_is_closed_and_durable" time="3.182" /><testcase classname="tests.integration.test_ops_monitor" name="test_client_optout_date_does_not_fabricate_server_commit_latency" time="3.143" /><testcase classname="tests.integration.test_ops_monitor" name="test_weighted_fill_uses_distinct_matching_contract_publication[0.97-parser-v1-True]" time="2.740" /><testcase classname="tests.integration.test_ops_monitor" name="test_weighted_fill_uses_distinct_matching_contract_publication[0.98-parser-v1-False]" time="3.411" /><testcase classname="tests.integration.test_ops_monitor" name="test_weighted_fill_uses_distinct_matching_contract_publication[0.9-parser-v2-False]" time="2.494" /><testcase classname="tests.integration.test_pipeline" name="test_complete_fixture_and_replay_keep_authority_and_provenance" time="10.354" /><testcase classname="tests.integration.test_pipeline" name="test_complete_replay_rechecks_current_policy_and_masks_new_bundle" time="10.228" /><testcase classname="tests.integration.test_pipeline" name="test_source_crash_resume_without_duplicate_promotions[after_parse]" time="9.525" /><testcase classname="tests.integration.test_pipeline" name="test_source_crash_resume_without_duplicate_promotions[after_stage_commit]" time="8.321" /><testcase classname="tests.integration.test_pipeline" name="test_source_crash_resume_without_duplicate_promotions[after_source_commit]" time="8.439" /><testcase classname="tests.integration.test_pipeline" name="test_report_crash_repairs_with_new_bundle_without_source_replay[after_report_write]" time="7.761" /><testcase classname="tests.integration.test_pipeline" name="test_report_crash_repairs_with_new_bundle_without_source_replay[after_run_result_commit]" time="8.180" /><testcase classname="tests.integration.test_pipeline" name="test_missing_report_and_receipt_repaired_from_current_authority" time="9.437" /><testcase classname="tests.integration.test_pipeline" name="test_saved_input_and_process_lock_fail_closed" time="7.895" /><testcase classname="tests.integration.test_pipeline" name="test_artifact_ownership_precedes_source_writer" time="8.751" /><testcase classname="tests.integration.test_propagation" name="test_endpoint_only_stop_clears_owned_projection_preserves_other_tags" time="4.273" /><testcase classname="tests.integration.test_propagation" name="test_unknown_update_reconciles_before_success_without_repeating_write" time="5.130" /><testcase classname="tests.integration.test_propagation" name="test_wrong_remote_identity_is_never_modified" time="3.060" /><testcase classname="tests.integration.test_propagation" name="test_provider_io_releases_authority_and_second_worker_cannot_claim" time="4.916" /><testcase classname="tests.integration.test_propagation" name="test_quarantine_prevents_provider_projection_and_retry_is_bounded" time="5.456" /><testcase classname="tests.integration.test_propagation" name="test_blocked_approval_without_dispatch_does_not_hold_propagation[False]" time="3.703" /><testcase classname="tests.integration.test_propagation" name="test_blocked_approval_without_dispatch_does_not_hold_propagation[True]" time="3.646" /><testcase classname="tests.integration.test_qualification_version" name="test_created_candidate_records_reviewed_policy_version" time="2.220" /><testcase classname="tests.integration.test_qualification_version" name="test_final_scoring_records_version_on_completed_attempt" time="4.427" /><testcase classname="tests.integration.test_read_quarantine" name="test_quarantine_prevents_personal_data_reads[restore_quarantine]" time="3.253" /><testcase classname="tests.integration.test_read_quarantine" name="test_quarantine_prevents_personal_data_reads[key_compromised]" time="3.553" /><testcase classname="tests.integration.test_rebaseline_reason" name="test_cli_rebaseline_preserves_exact_reason_and_emits_zero_events" time="4.380" /><testcase classname="tests.integration.test_rebaseline_reason" name="test_cli_rebaseline_rejects_empty_reason_before_run" time="2.780" /><testcase classname="tests.integration.test_retention" name="test_profile_erasure_removes_active_plaintext_and_keeps_matching_aliases" time="2.849" /><testcase classname="tests.integration.test_retention" name="test_retention_trigger_cannot_remove_optout_and_remote_state_not_completed" time="2.587" /><testcase classname="tests.integration.test_retention" name="test_selected_archive_retains_identity_and_permission_with_original_clock" time="2.629" /><testcase classname="tests.integration.test_retention" name="test_scoped_hold_blocks_erasure_without_assuming_review_date_waives_it" time="2.816" /><testcase classname="tests.integration.test_retention" name="test_direct_live_erasure_denied_even_if_caller_skips_retention_run" time="2.615" /><testcase classname="tests.integration.test_retention" name="test_suppression_30_days_and_unworked_180_days_do_not_use_crawl_time" time="2.958" /><testcase classname="tests.integration.test_retention" name="test_replay_requires_quarantine_digest_and_watermark_and_never_reopens" time="2.459" /><testcase classname="tests.integration.test_retention" name="test_restore_replays_newer_optout_into_pre_optout_state" time="2.520" /><testcase classname="tests.integration.test_retention" name="test_restore_alias_conflict_fails_instead_of_silently_reconciling" time="2.772" /><testcase classname="tests.integration.test_retention" name="test_restore_rejects_conflicting_or_cyclic_merge_edges[different_target]" time="2.199" /><testcase classname="tests.integration.test_retention" name="test_restore_rejects_conflicting_or_cyclic_merge_edges[cycle]" time="2.395" /><testcase classname="tests.integration.test_retention" name="test_restore_runs_overdue_profile_deletion_before_reconciled_receipt" time="2.459" /><testcase classname="tests.integration.test_retention" name="test_finite_artifact_schedule[raw-30]" time="0.002" /><testcase classname="tests.integration.test_retention" name="test_finite_artifact_schedule[snapshot-90]" time="0.002" /><testcase classname="tests.integration.test_retention" name="test_finite_artifact_schedule[page-90]" time="0.001" /><testcase classname="tests.integration.test_retention" name="test_finite_artifact_schedule[backup-35]" time="0.001" /><testcase classname="tests.integration.test_retention" name="test_finite_artifact_schedule[report-90]" time="0.001" /><testcase classname="tests.integration.test_retention" name="test_finite_artifact_schedule[manifest-90]" time="0.001" /><testcase classname="tests.integration.test_retention" name="test_finite_artifact_schedule[orphan-7]" time="0.002" /><testcase classname="tests.integration.test_retention" name="test_minimal_metrics_use_calendar_months_and_unknown_kind_is_held" time="0.001" /><testcase classname="tests.integration.test_retention" name="test_enrichment_result_erasure_preserves_minimal_paid_receipt[False]" time="2.594" /><testcase classname="tests.integration.test_retention" name="test_enrichment_result_erasure_preserves_minimal_paid_receipt[True]" time="2.496" /><testcase classname="tests.integration.test_retention" name="test_provenance_hold_prevents_profile_erasure_without_group_hold" time="2.181" /><testcase classname="tests.integration.test_retention" name="test_redacted_ops_records_expire_at90days_with_scoped_holds" time="2.178" /><testcase classname="tests.integration.test_retention" name="test_owned_expired_snapshot_bytes_deleted_cursor_invalidated_with_version_preserved" time="2.251" /><testcase classname="tests.integration.test_retention" name="test_artifact_deletion_rejects_wrong_root_changed_bytes_and_hold[outside]" time="2.125" /><testcase classname="tests.integration.test_retention" name="test_artifact_deletion_rejects_wrong_root_changed_bytes_and_hold[changed]" time="2.365" /><testcase classname="tests.integration.test_retention" name="test_artifact_deletion_rejects_wrong_root_changed_bytes_and_hold[hold]" time="2.126" /><testcase classname="tests.integration.test_retention" name="test_backup_schedule_does_not_claim_provider_expiry_receipt" time="2.103" /><testcase classname="tests.integration.test_retention" name="test_ordinary_page_ciphertext_erased_after_90_days_with_provenance_retained" time="2.560" /><testcase classname="tests.integration.test_retention" name="test_page_erasure_cannot_rewrite_provenance_or_remove_fresh_capture" time="2.319" /><testcase classname="tests.integration.test_retention" name="test_selected_page_capture_and_restricted_archive_survive_ordinary_90_day_purge" time="2.527" /><testcase classname="tests.integration.test_retention" name="test_full_source_identifiers_purged_to_minimal_counts_then_metrics_expire" time="2.561" /><testcase classname="tests.integration.test_retention" name="test_snapshot_scoped_hold_preserves_full_events_without_aggregating_twice" time="2.553" /><testcase classname="tests.integration.test_summary_review" name="test_past_budget_exhaustion_does_not_report_current_stop" time="2.381" /><testcase classname="tests.integration.test_summary_review" name="test_expired_policy_emits_alarm" time="2.896" /><testcase classname="tests.integration.test_summary_review" name="test_completed_propagation_does_not_alarm" time="3.189" /><testcase classname="tests.integration.test_summary_review" name="test_pending_propagation_alarms_once" time="3.157" /><testcase classname="tests.unit.test_diff_review" name="test_range_join_emits_multiple_events_and_preserves_boundaries" time="0.268" /><testcase classname="tests.unit.test_diff_review" name="test_adaptive_skew_subdivision_keeps_every_key_once" time="3.281" /><testcase classname="tests.unit.test_diff_review" name="test_baseline_and_noop_write_readable_empty_outputs[True]" time="0.122" /><testcase classname="tests.unit.test_diff_review" name="test_baseline_and_noop_write_readable_empty_outputs[False]" time="0.119" /><testcase classname="tests.unit.test_diff_review" name="test_schema_rebaseline_is_explicit_and_never_emits_new_signals" time="0.137" /><testcase classname="tests.unit.test_diff_review" name="test_duplicate_cross_part_key_rejected_before_output" time="0.125" /><testcase classname="tests.unit.test_diff_review" name="test_failed_final_writer_removes_partial_output_for_retry" time="0.241" /><testcase classname="tests.unit.test_enrichment" name="test_email_preserves_endpoint_identity_and_selects_one" time="0.002" /><testcase classname="tests.unit.test_enrichment" name="test_reject_bad_phones[000]" time="0.001" /><testcase classname="tests.unit.test_enrichment" name="test_reject_bad_phones[+12025550123]" time="0.002" /><testcase classname="tests.unit.test_enrichment" name="test_reject_bad_phones[0412 345 678 ext 2]" time="0.001" /><testcase classname="tests.unit.test_enrichment" name="test_reject_bad_phones[412345678]" time="0.001" /><testcase classname="tests.unit.test_enrichment" name="test_reject_bad_phones[0001234567]" time="0.014" /><testcase classname="tests.unit.test_enrichment" name="test_reject_bad_phones[61 412345678]" time="0.002" /><testcase classname="tests.unit.test_enrichment" name="test_reject_bad_phones[13 11 14]" time="0.002" /><testcase classname="tests.unit.test_enrichment" name="test_phone_e164_is_idempotent" time="0.004" /><testcase classname="tests.unit.test_enrichment" name="test_invalid_email_domains_do_not_become_candidates[a@example..com]" time="0.002" /><testcase classname="tests.unit.test_enrichment" name="test_invalid_email_domains_do_not_become_candidates[a@exam_ple.com]" time="0.001" /><testcase classname="tests.unit.test_enrichment" name="test_invalid_email_domains_do_not_become_candidates[a@exam/ple.com]" time="0.001" /><testcase classname="tests.unit.test_enrichment" name="test_invalid_email_domains_do_not_become_candidates[a..b@example.com]" time="0.001" /><testcase classname="tests.unit.test_enrichment" name="test_sourced_positioning_is_bounded_static_text" time="0.004" /><testcase classname="tests.unit.test_enrichment" name="test_private_psl_domains_and_blocklists_match_boundaries" time="0.001" /><testcase classname="tests.unit.test_enrichment" name="test_discovery_queries_bounded_and_deterministic" time="0.001" /><testcase classname="tests.unit.test_enrichment" name="test_exact_validated_abn_or_reviewer_corroboration_only" time="0.003" /><testcase classname="tests.unit.test_enrichment" name="test_latest_identity_rejection_and_expiry_override_pass" time="0.002" /><testcase classname="tests.unit.test_enrichment" name="test_budget_interrupt_resumes_completed_receipts_and_failures_cool_down" time="0.001" /><testcase classname="tests.unit.test_enrichment" name="test_ineligible_enrichment_never_runs[candidate0]" time="0.001" /><testcase classname="tests.unit.test_enrichment" name="test_ineligible_enrichment_never_runs[candidate1]" time="0.001" /><testcase classname="tests.unit.test_enrichment" name="test_ineligible_enrichment_never_runs[candidate2]" time="0.001" /><testcase classname="tests.unit.test_enrichment" name="test_ineligible_enrichment_never_runs[candidate3]" time="0.001" /><testcase classname="tests.unit.test_enrichment" name="test_ineligible_enrichment_never_runs[candidate4]" time="0.001" /><testcase classname="tests.unit.test_enrichment" name="test_call_window_boundaries[2026-09-07T22:59:59+00:00-False-OUTSIDE_CALL_WINDOW]" time="0.002" /><testcase classname="tests.unit.test_enrichment" name="test_call_window_boundaries[2026-09-07T23:00:00+00:00-True-CALL_WINDOW_PASSED]" time="0.002" /><testcase classname="tests.unit.test_enrichment" name="test_call_window_boundaries[2026-09-08T07:59:59+00:00-True-CALL_WINDOW_PASSED]" time="0.001" /><testcase classname="tests.unit.test_enrichment" name="test_call_window_boundaries[2026-09-08T08:00:00+00:00-False-OUTSIDE_CALL_WINDOW]" time="0.001" /><testcase classname="tests.unit.test_enrichment" name="test_call_window_boundaries[2026-09-12T07:00:00+00:00-False-OUTSIDE_CALL_WINDOW]" time="0.001" /><testcase classname="tests.unit.test_enrichment" name="test_call_window_boundaries[2026-09-13T00:00:00+00:00-False-SUNDAY]" time="0.001" /><testcase classname="tests.unit.test_enrichment" name="test_holiday_timezone_unknown_and_dst" time="0.013" /><testcase classname="tests.unit.test_enrichment" name="test_licence_expiry_and_invitation_is_independent" time="0.001" /><testcase classname="tests.unit.test_outputs" name="test_private_report_positive_path_and_escaped_artifacts" time="0.074" /><testcase classname="tests.unit.test_outputs" name="test_missing_and_expired_gate_masks_every_artifact[changes0]" time="0.066" /><testcase classname="tests.unit.test_outputs" name="test_missing_and_expired_gate_masks_every_artifact[changes1]" time="0.065" /><testcase classname="tests.unit.test_outputs" name="test_missing_and_expired_gate_masks_every_artifact[changes2]" time="0.085" /><testcase classname="tests.unit.test_outputs" name="test_missing_and_expired_gate_masks_every_artifact[changes3]" time="0.078" /><testcase classname="tests.unit.test_outputs" name="test_missing_and_expired_gate_masks_every_artifact[changes4]" time="0.068" /><testcase classname="tests.unit.test_outputs" name="test_missing_and_expired_gate_masks_every_artifact[changes5]" time="0.068" /><testcase classname="tests.unit.test_outputs" name="test_missing_and_expired_gate_masks_every_artifact[changes6]" time="0.072" /><testcase classname="tests.unit.test_outputs" name="test_unauthorised_reader_mask_and_no_overwrite" time="0.034" /><testcase classname="tests.unit.test_outputs" name="test_csv_formula_and_markdown_link_injection" time="0.048" /><testcase classname="tests.unit.test_outputs" name="test_duplicate_groups_rejected" time="0.007" /><testcase classname="tests.unit.test_outputs" name="test_time_unions_overlap_by_actor_clips_window_and_applies_corrections" time="0.002" /><testcase classname="tests.unit.test_outputs" name="test_cohort_distinct_denominators_fixed_tier_and_actual_dates" time="0.001" /><testcase classname="tests.unit.test_outputs" name="test_missing_costs_are_unknown_and_cash_authority_is_zero" time="0.001" /><testcase classname="tests.unit.test_outputs" name="test_every_explicit_alarm_flag_is_safe_and_deduplicated[integrity_failure]" time="0.003" /><testcase classname="tests.unit.test_outputs" name="test_every_explicit_alarm_flag_is_safe_and_deduplicated[schema_failure]" time="0.001" /><testcase classname="tests.unit.test_outputs" name="test_every_explicit_alarm_flag_is_safe_and_deduplicated[count_failure]" time="0.001" /><testcase classname="tests.unit.test_outputs" name="test_every_explicit_alarm_flag_is_safe_and_deduplicated[duplicate_failure]" time="0.001" /><testcase classname="tests.unit.test_outputs" name="test_every_explicit_alarm_flag_is_safe_and_deduplicated[unexpected_disappearance]" time="0.001" /><testcase classname="tests.unit.test_outputs" name="test_every_explicit_alarm_flag_is_safe_and_deduplicated[member_count_changed]" time="0.001" /><testcase classname="tests.unit.test_outputs" name="test_every_explicit_alarm_flag_is_safe_and_deduplicated[budget_stop]" time="0.001" /><testcase classname="tests.unit.test_outputs" name="test_every_explicit_alarm_flag_is_safe_and_deduplicated[quota_stop]" time="0.001" /><testcase classname="tests.unit.test_outputs" name="test_every_explicit_alarm_flag_is_safe_and_deduplicated[suppression_unconfirmed]" time="0.001" /><testcase classname="tests.unit.test_outputs" name="test_every_explicit_alarm_flag_is_safe_and_deduplicated[invalid_receipt]" time="0.001" /><testcase classname="tests.unit.test_outputs" name="test_every_explicit_alarm_flag_is_safe_and_deduplicated[writeback_conflict]" time="0.001" /><testcase classname="tests.unit.test_outputs" name="test_every_explicit_alarm_flag_is_safe_and_deduplicated[crm_reconciliation_pending]" time="0.001" /><testcase classname="tests.unit.test_outputs" name="test_every_explicit_alarm_flag_is_safe_and_deduplicated[policy_expired]" time="0.001" /><testcase classname="tests.unit.test_outputs" name="test_every_explicit_alarm_flag_is_safe_and_deduplicated[backup_failed]" time="0.001" /><testcase classname="tests.unit.test_outputs" name="test_every_explicit_alarm_flag_is_safe_and_deduplicated[restore_failed]" time="0.001" /><testcase classname="tests.unit.test_outputs" name="test_every_explicit_alarm_flag_is_safe_and_deduplicated[timer_heartbeat_missed]" time="0.001" /><testcase classname="tests.unit.test_outputs" name="test_every_explicit_alarm_flag_is_safe_and_deduplicated[spill_exhausted]" time="0.001" /><testcase classname="tests.unit.test_outputs" name="test_alarm_exact_boundaries_and_baseline_exceptions" time="0.001" /><testcase classname="tests.unit.test_outputs" name="test_statistical_alarms_use_explicit_baselines" time="0.001" /><testcase classname="tests.unit.test_outputs" name="test_capacity_exact_formula_unknown_bounds_and_no_existing_double_count" time="0.001" /><testcase classname="tests.unit.test_outputs" name="test_resource_sample_materialises_output_without_full_scale_claim" time="0.151" /><testcase classname="tests.unit.test_outputs" name="test_crm_field_map_is_typed_fixture_only" time="0.009" /><testcase classname="tests.unit.test_outputs" name="test_sheets_bridge_signed_reordered_row_and_immediate_optout" time="0.212" /><testcase classname="tests.unit.test_outputs" name="test_generated_worklist_preserves_outcomes_and_matches_closed_schema" time="0.047" /><testcase classname="tests.unit.test_outputs" name="test_empty_worklist_still_has_complete_bridge_headers" time="0.035" /><testcase classname="tests.unit.test_publication_quality" name="test_row_weighted_fill_stable_across_repartition" time="0.001" /><testcase classname="tests.unit.test_publication_quality" name="test_missing_required_evidence_cannot_waive_check" time="0.001" /><testcase classname="tests.unit.test_qualification_policy" name="test_all_score_combinations_match_exact_v4" time="0.002" /><testcase classname="tests.unit.test_qualification_policy" name="test_invalid_or_unapproved_policy_is_rejected[coefficient]" time="0.023" /><testcase classname="tests.unit.test_qualification_policy" name="test_invalid_or_unapproved_policy_is_rejected[unknown]" time="0.035" /><testcase classname="tests.unit.test_qualification_policy" name="test_invalid_or_unapproved_policy_is_rejected[missing]" time="0.024" /><testcase classname="tests.unit.test_qualification_policy" name="test_invalid_or_unapproved_policy_is_rejected[version]" time="0.039" /><testcase classname="tests.unit.test_qualification_policy" name="test_invalid_or_unapproved_policy_is_rejected[bool]" time="0.022" /><testcase classname="tests.unit.test_qualification_policy" name="test_invalid_or_unapproved_policy_is_rejected[postcode]" time="0.026" /><testcase classname="tests.unit.test_qualification_policy" name="test_duplicate_keys_and_mutation_are_rejected" time="0.025" /><testcase classname="tests.unit.test_qualification_policy" name="test_qualification_boundaries_and_version_are_preserved" time="0.001" /><testcase classname="tests.unit.test_sources" name="test_streaming_namespace_entities_empty_gst_and_readback" time="0.076" /><testcase classname="tests.unit.test_sources" name="test_parser_rejects_invalid_sources[&lt;Transfer error=&quot;false&quot;&gt;&lt;TransferInfo&gt;&lt;FileSequenceNumber&gt;1&lt;/FileSequenceNumber&gt;&lt;RecordCount&gt;2&lt;/RecordCount&gt;&lt;ExtractTime&gt;2026-09-08T00:00:00&lt;/ExtractTime&gt;&lt;FixtureGeneration&gt;fixture-1&lt;/FixtureGeneration&gt;&lt;/TransferInfo&gt;&lt;ABR&gt;&lt;ABN date=&quot;2024-01-31&quot; status=&quot;ACT&quot;&gt;10000000000&lt;/ABN&gt;&lt;GST/&gt;&lt;EntityType&gt;COMPANY&lt;/EntityType&gt;&lt;MainName&gt;Example &amp;amp; Sons&lt;/MainName&gt;&lt;State&gt;QLD&lt;/State&gt;&lt;Postcode&gt;4000&lt;/Postcode&gt;&lt;Names&gt;&lt;/Names&gt;&lt;/ABR&gt;&lt;/Transfer&gt;-RECORD_COUNT_MISMATCH]" time="0.044" /><testcase classname="tests.unit.test_sources" name="test_parser_rejects_invalid_sources[&lt;Transfer error=&quot;false&quot;&gt;&lt;TransferInfo&gt;&lt;FileSequenceNumber&gt;1&lt;/FileSequenceNumber&gt;&lt;RecordCount&gt;2&lt;/RecordCount&gt;&lt;ExtractTime&gt;2026-09-08T00:00:00&lt;/ExtractTime&gt;&lt;FixtureGeneration&gt;fixture-1&lt;/FixtureGeneration&gt;&lt;/TransferInfo&gt;&lt;ABR&gt;&lt;ABN date=&quot;2024-01-31&quot; status=&quot;ACT&quot;&gt;10000000000&lt;/ABN&gt;&lt;GST/&gt;&lt;EntityType&gt;COMPANY&lt;/EntityType&gt;&lt;MainName&gt;Example &amp;amp; Sons&lt;/MainName&gt;&lt;State&gt;QLD&lt;/State&gt;&lt;Postcode&gt;4000&lt;/Postcode&gt;&lt;Names&gt;&lt;/Names&gt;&lt;/ABR&gt;&lt;ABR&gt;&lt;ABN date=&quot;2024-01-31&quot; status=&quot;ACT&quot;&gt;10000000000&lt;/ABN&gt;&lt;GST/&gt;&lt;EntityType&gt;COMPANY&lt;/EntityType&gt;&lt;MainName&gt;Example &amp;amp; Sons&lt;/MainName&gt;&lt;State&gt;QLD&lt;/State&gt;&lt;Postcode&gt;4000&lt;/Postcode&gt;&lt;Names&gt;&lt;/Names&gt;&lt;/ABR&gt;&lt;/Transfer&gt;-DUPLICATE_ABN]" time="0.045" /><testcase classname="tests.unit.test_sources" name="test_parser_rejects_invalid_sources[&lt;Transfer error=&quot;false&quot;&gt;&lt;TransferInfo&gt;&lt;FileSequenceNumber&gt;1&lt;/FileSequenceNumber&gt;&lt;RecordCount&gt;1&lt;/RecordCount&gt;&lt;ExtractTime&gt;2026-09-08T00:00:00&lt;/ExtractTime&gt;&lt;FixtureGeneration&gt;fixture-1&lt;/FixtureGeneration&gt;&lt;/TransferInfo&gt;&lt;ABR&gt;&lt;ABN date=&quot;2024-01-31&quot; status=&quot;UNKNOWN&quot;&gt;10000000000&lt;/ABN&gt;&lt;GST/&gt;&lt;EntityType&gt;COMPANY&lt;/EntityType&gt;&lt;MainName&gt;Example &amp;amp; Sons&lt;/MainName&gt;&lt;State&gt;QLD&lt;/State&gt;&lt;Postcode&gt;4000&lt;/Postcode&gt;&lt;Names&gt;&lt;/Names&gt;&lt;/ABR&gt;&lt;/Transfer&gt;-UNKNOWN_ENUM]" time="0.038" /><testcase classname="tests.unit.test_sources" name="test_parser_rejects_invalid_sources[&lt;Transfer error=&quot;false&quot;&gt;&lt;TransferInfo&gt;&lt;FileSequenceNumber&gt;1&lt;/FileSequenceNumber&gt;&lt;RecordCount&gt;1&lt;/RecordCount&gt;&lt;ExtractTime&gt;2026-09-08T00:00:00&lt;/ExtractTime&gt;&lt;FixtureGeneration&gt;fixture-1&lt;/FixtureGeneration&gt;&lt;/TransferInfo&gt;&lt;ABR&gt;&lt;ABN date=&quot;2024-01-31&quot; status=&quot;ACT&quot;&gt;12345678901&lt;/ABN&gt;&lt;GST/&gt;&lt;EntityType&gt;COMPANY&lt;/EntityType&gt;&lt;MainName&gt;Example &amp;amp; Sons&lt;/MainName&gt;&lt;State&gt;QLD&lt;/State&gt;&lt;Postcode&gt;4000&lt;/Postcode&gt;&lt;Names&gt;&lt;/Names&gt;&lt;/ABR&gt;&lt;/Transfer&gt;-INVALID_ABN]" time="0.038" /><testcase classname="tests.unit.test_sources" name="test_parser_rejects_invalid_sources[&lt;Transfer error=&quot;false&quot;&gt;&lt;TransferInfo&gt;&lt;FileSequenceNumber&gt;1&lt;/FileSequenceNumber&gt;&lt;RecordCount&gt;1&lt;/RecordCount&gt;&lt;ExtractTime&gt;2026-09-08T00:00:00&lt;/ExtractTime&gt;&lt;FixtureGeneration&gt;fixture-1&lt;/FixtureGeneration&gt;&lt;/TransferInfo&gt;&lt;ABR&gt;&lt;ABN date=&quot;2024-01-31&quot; status=&quot;ACT&quot;&gt;10000000000&lt;/ABN&gt;&lt;GST/&gt;&lt;EntityType&gt;COMPANY&lt;/EntityType&gt;&lt;MainName&gt;Example &amp;amp; Sons&lt;/MainName&gt;&lt;State/&gt;&lt;Postcode&gt;4000&lt;/Postcode&gt;&lt;Names&gt;&lt;/Names&gt;&lt;/ABR&gt;&lt;/Transfer&gt;-REQUIRED_FIELD_MISSING]" time="0.053" /><testcase classname="tests.unit.test_sources" name="test_parser_rejects_invalid_sources[&lt;Transfer error=&quot;false&quot;&gt;&lt;TransferInfo&gt;&lt;FileSequenceNumber&gt;1&lt;/FileSequenceNumber&gt;&lt;RecordCount&gt;1&lt;/RecordCount&gt;&lt;ExtractTime&gt;2026-09-08T00:00:00&lt;/ExtractTime&gt;&lt;FixtureGeneration&gt;fixture-1&lt;/FixtureGeneration&gt;&lt;/TransferInfo&gt;&lt;ABR&gt;&lt;ABN date=&quot;2024-01-31&quot; status=&quot;ACT&quot;&gt;10000000000&lt;/ABN&gt;&lt;GST/&gt;&lt;EntityType&gt;NEW_ENUM&lt;/EntityType&gt;&lt;MainName&gt;Example &amp;amp; Sons&lt;/MainName&gt;&lt;State&gt;QLD&lt;/State&gt;&lt;Postcode&gt;4000&lt;/Postcode&gt;&lt;Names&gt;&lt;/Names&gt;&lt;/ABR&gt;&lt;/Transfer&gt;-UNKNOWN_ENTITY_TYPE]" time="0.050" /><testcase classname="tests.unit.test_sources" name="test_parser_rejects_invalid_sources[&lt;Transfer error=&quot;false&quot;&gt;&lt;TransferInfo&gt;&lt;FileSequenceNumber&gt;1&lt;/FileSequenceNumber&gt;&lt;RecordCount&gt;1&lt;/RecordCount&gt;&lt;ExtractTime&gt;2026-09-08T00:00:00&lt;/ExtractTime&gt;&lt;FixtureGeneration&gt;&lt;/FixtureGeneration&gt;&lt;/TransferInfo&gt;&lt;ABR&gt;&lt;ABN date=&quot;2024-01-31&quot; status=&quot;ACT&quot;&gt;10000000000&lt;/ABN&gt;&lt;GST/&gt;&lt;EntityType&gt;COMPANY&lt;/EntityType&gt;&lt;MainName&gt;Example &amp;amp; Sons&lt;/MainName&gt;&lt;State&gt;QLD&lt;/State&gt;&lt;Postcode&gt;4000&lt;/Postcode&gt;&lt;Names&gt;&lt;/Names&gt;&lt;/ABR&gt;&lt;/Transfer&gt;-GENERATION_UNPROVABLE]" time="0.039" /><testcase classname="tests.unit.test_sources" name="test_parser_rejects_invalid_sources[&lt;!DOCTYPE Transfer [&lt;!ENTITY e SYSTEM &quot;file:///etc/passwd&quot;&gt;]&gt;&lt;Transfer error=&quot;false&quot;&gt;&lt;TransferInfo&gt;&lt;FileSequenceNumber&gt;1&lt;/FileSequenceNumber&gt;&lt;RecordCount&gt;1&lt;/RecordCount&gt;&lt;ExtractTime&gt;2026-09-08T00:00:00&lt;/ExtractTime&gt;&lt;FixtureGeneration&gt;fixture-1&lt;/FixtureGeneration&gt;&lt;/TransferInfo&gt;&lt;ABR&gt;&lt;ABN date=&quot;2024-01-31&quot; status=&quot;ACT&quot;&gt;10000000000&lt;/ABN&gt;&lt;GST/&gt;&lt;EntityType&gt;COMPANY&lt;/EntityType&gt;&lt;MainName&gt;Example &amp;amp; Sons&lt;/MainName&gt;&lt;State&gt;QLD&lt;/State&gt;&lt;Postcode&gt;4000&lt;/Postcode&gt;&lt;Names&gt;&lt;/Names&gt;&lt;/ABR&gt;&lt;/Transfer&gt;-UNSAFE_XML]" time="0.042" /><testcase classname="tests.unit.test_sources" name="test_parser_rejects_invalid_sources[&lt;!DOCTYPE Transfer&gt;&lt;Transfer error=&quot;false&quot;&gt;&lt;TransferInfo&gt;&lt;FileSequenceNumber&gt;1&lt;/FileSequenceNumber&gt;&lt;RecordCount&gt;1&lt;/RecordCount&gt;&lt;ExtractTime&gt;2026-09-08T00:00:00&lt;/ExtractTime&gt;&lt;FixtureGeneration&gt;fixture-1&lt;/FixtureGeneration&gt;&lt;/TransferInfo&gt;&lt;ABR&gt;&lt;ABN date=&quot;2024-01-31&quot; status=&quot;ACT&quot;&gt;10000000000&lt;/ABN&gt;&lt;GST/&gt;&lt;EntityType&gt;COMPANY&lt;/EntityType&gt;&lt;MainName&gt;Example &amp;amp; Sons&lt;/MainName&gt;&lt;State&gt;QLD&lt;/State&gt;&lt;Postcode&gt;4000&lt;/Postcode&gt;&lt;Names&gt;&lt;/Names&gt;&lt;/ABR&gt;&lt;/Transfer&gt;-UNSAFE_XML]" time="0.044" /><testcase classname="tests.unit.test_sources" name="test_large_record_and_canary_hold" time="0.089" /><testcase classname="tests.unit.test_sources" name="test_schema_drift_is_held[&lt;Transfer error=&quot;false&quot;&gt;&lt;TransferInfo&gt;&lt;FileSequenceNumber&gt;1&lt;/FileSequenceNumber&gt;&lt;RecordCount&gt;1&lt;/RecordCount&gt;&lt;ExtractTime&gt;2026-09-08T00:00:00&lt;/ExtractTime&gt;&lt;FixtureGeneration&gt;fixture-1&lt;/FixtureGeneration&gt;&lt;/TransferInfo&gt;&lt;ABR&gt;&lt;ABN date=&quot;2024-01-31&quot; status=&quot;ACT&quot;&gt;10000000000&lt;/ABN&gt;&lt;GST/&gt;&lt;EntityType&gt;COMPANY&lt;/EntityType&gt;&lt;MainName unexpected='x'&gt;Example &amp;amp; Sons&lt;/MainName&gt;&lt;State&gt;QLD&lt;/State&gt;&lt;Postcode&gt;4000&lt;/Postcode&gt;&lt;Names&gt;&lt;/Names&gt;&lt;/ABR&gt;&lt;/Transfer&gt;-UNKNOWN_SCHEMA_ATTRIBUTE]" time="0.031" /><testcase classname="tests.unit.test_sources" name="test_schema_drift_is_held[&lt;Transfer error=&quot;false&quot;&gt;&lt;TransferInfo&gt;&lt;FileSequenceNumber&gt;1&lt;/FileSequenceNumber&gt;&lt;RecordCount&gt;1&lt;/RecordCount&gt;&lt;ExtractTime&gt;2026-09-08T00:00:00&lt;/ExtractTime&gt;&lt;FixtureGeneration&gt;fixture-1&lt;/FixtureGeneration&gt;&lt;/TransferInfo&gt;&lt;ABR&gt;&lt;ABN date=&quot;2024-01-31&quot; status=&quot;ACT&quot;&gt;10000000000&lt;/ABN&gt;&lt;GST/&gt;&lt;EntityType&gt;COMPANY&lt;/EntityType&gt;&lt;MainName&gt;Example &amp;amp; Sons&lt;/MainName&gt;&lt;State&gt;QLD&lt;/State&gt;&lt;Postcode&gt;4000&lt;/Postcode&gt;&lt;Names&gt;&lt;/Names&gt;&lt;Unexpected&gt;new&lt;/Unexpected&gt;&lt;/ABR&gt;&lt;/Transfer&gt;-UNKNOWN_SCHEMA_FIELD]" time="0.029" /><testcase classname="tests.unit.test_sources" name="test_schema_drift_is_held[&lt;Transfer error=&quot;false&quot;&gt;&lt;TransferInfo&gt;&lt;FileSequenceNumber&gt;1&lt;/FileSequenceNumber&gt;&lt;RecordCount&gt;1&lt;/RecordCount&gt;&lt;ExtractTime&gt;2026-09-08T00:00:00&lt;/ExtractTime&gt;&lt;FixtureGeneration&gt;fixture-1&lt;/FixtureGeneration&gt;&lt;/TransferInfo&gt;&lt;ABR&gt;&lt;ABN date=&quot;2024-01-31&quot; status=&quot;ACT&quot;&gt;10000000000&lt;/ABN&gt;&lt;GST/&gt;&lt;EntityType&gt;COMPANY&lt;/EntityType&gt;&lt;MainName&gt;Example &amp;amp; Sons&lt;/MainName&gt;&lt;State&gt;QLD&lt;/State&gt;&lt;Postcode&gt;4000&lt;/Postcode&gt;&lt;Names&gt;&lt;/Names&gt;&lt;State&gt;NSW&lt;/State&gt;&lt;/ABR&gt;&lt;/Transfer&gt;-DUPLICATE_SCHEMA_FIELD]" time="0.037" /><testcase classname="tests.unit.test_sources" name="test_schema_drift_is_held[&lt;Transfer error=&quot;false&quot;&gt;&lt;TransferInfo&gt;&lt;FileSequenceNumber&gt;1&lt;/FileSequenceNumber&gt;&lt;RecordCount&gt;1&lt;/RecordCount&gt;&lt;ExtractTime&gt;unknown&lt;/ExtractTime&gt;&lt;FixtureGeneration&gt;fixture-1&lt;/FixtureGeneration&gt;&lt;/TransferInfo&gt;&lt;ABR&gt;&lt;ABN date=&quot;2024-01-31&quot; status=&quot;ACT&quot;&gt;10000000000&lt;/ABN&gt;&lt;GST/&gt;&lt;EntityType&gt;COMPANY&lt;/EntityType&gt;&lt;MainName&gt;Example &amp;amp; Sons&lt;/MainName&gt;&lt;State&gt;QLD&lt;/State&gt;&lt;Postcode&gt;4000&lt;/Postcode&gt;&lt;Names&gt;&lt;/Names&gt;&lt;/ABR&gt;&lt;/Transfer&gt;-INVALID_EXTRACT_TIME]" time="0.037" /><testcase classname="tests.unit.test_sources" name="test_schema_drift_is_held[&lt;Transfer error=&quot;false&quot;&gt;&lt;TransferInfo&gt;&lt;FileSequenceNumber&gt;1&lt;/FileSequenceNumber&gt;&lt;RecordCount&gt;1&lt;/RecordCount&gt;&lt;ExtractTime&gt;2026-09-08T00:00:00&lt;/ExtractTime&gt;&lt;FixtureGeneration&gt;fixture-1&lt;/FixtureGeneration&gt;&lt;/TransferInfo&gt;&lt;ABR&gt;&lt;ABN date=&quot;2024-01-31&quot; status=&quot;ACT&quot;&gt;10000000000&lt;/ABN&gt;&lt;GST date=&quot;2026-09-01&quot;/&gt;&lt;EntityType&gt;COMPANY&lt;/EntityType&gt;&lt;MainName&gt;Example &amp;amp; Sons&lt;/MainName&gt;&lt;State&gt;QLD&lt;/State&gt;&lt;Postcode&gt;4000&lt;/Postcode&gt;&lt;Names&gt;&lt;/Names&gt;&lt;/ABR&gt;&lt;/Transfer&gt;-GST_DATE_WITHOUT_STATUS]" time="0.035" /><testcase classname="tests.unit.test_sources" name="test_header_text_depth_and_utf16_doctype_bounded" time="0.108" /><testcase classname="tests.unit.test_sources" name="test_production_fixture_mapping_blocked" time="0.007" /><testcase classname="tests.unit.test_sources" name="test_exact_content_projection_and_compression_independence" time="0.001" /><testcase classname="tests.unit.test_sources" name="test_archives_recompressed_same_identity" time="0.203" /><testcase classname="tests.unit.test_sources" name="test_unsafe_archive_member[../part.xml]" time="0.016" /><testcase classname="tests.unit.test_sources" name="test_unsafe_archive_member[/part.xml]" time="0.017" /><testcase classname="tests.unit.test_sources" name="test_unsafe_archive_member[nested.zip]" time="0.018" /><testcase classname="tests.unit.test_sources" name="test_unsafe_archive_member[C:part.xml]" time="0.017" /><testcase classname="tests.unit.test_sources" name="test_unsafe_archive_member[dir\\part.xml]" time="0.024" /><testcase classname="tests.unit.test_sources" name="test_inventory_change_and_generation_mismatch" time="0.135" /><testcase classname="tests.unit.test_sources" name="test_full_diff_baseline_multi_events_disappearance_and_recurrence" time="0.586" /><testcase classname="tests.unit.test_sources" name="test_name_reordering_semantic_noop" time="0.216" /><testcase classname="tests.unit.test_sources" name="test_qbcc_collapse_missing_abn_conflict_quarantine_and_backlog" time="0.041" /><testcase classname="tests.unit.test_sources" name="test_qbcc_wrong_encoding_and_header" time="0.026" /><testcase classname="tests.unit.test_sources" name="test_rules_priority_sort_literals_otn_and_gate" time="0.014" /><testcase classname="tests.unit.test_sources" name="test_completed_months[start0-end0-1]" time="0.001" /><testcase classname="tests.unit.test_sources" name="test_completed_months[start1-end1-0]" time="0.001" /><testcase classname="tests.unit.test_sources" name="test_completed_months[start2-end2-1]" time="0.001" /><testcase classname="tests.unit.test_sources" name="test_completed_months[start3-end3-None]" time="0.001" /><testcase classname="tests.unit.test_sources" name="test_tiering_does_not_infer_new_business_or_turnover" time="0.001" /><testcase classname="tests.unit.test_sources" name="test_200_to_60_fairness_dedup_expiry_and_total_order" time="0.003" /><testcase classname="tests.unit.test_sources" name="test_download_strong_validator_resume_and_size_hash" time="0.017" /><testcase classname="tests.unit.test_sources" name="test_download_weak_validator_or_200_restarts[W/&quot;weak&quot;-200]" time="0.014" /><testcase classname="tests.unit.test_sources" name="test_download_weak_validator_or_200_restarts[&quot;strong&quot;-200]" time="0.011" /><testcase classname="tests.unit.test_sources" name="test_download_bad_resume_and_attempt_limit" time="0.009" /></testsuite></testsuites>