<?xml version="1.0" encoding="utf-8"?><testsuites name="pytest tests"><testsuite name="pytest" errors="0" failures="0" skipped="0" tests="641" time="794.255" timestamp="2026-09-09T20:54:21.184677+08:00" hostname="Daligdig"><testcase classname="tests.contract.test_crawl_safety" name="test_nonpublic_addresses_rejected[127.0.0.1]" time="0.001" /><testcase classname="tests.contract.test_crawl_safety" name="test_nonpublic_addresses_rejected[10.0.0.1]" time="0.001" /><testcase classname="tests.contract.test_crawl_safety" name="test_nonpublic_addresses_rejected[169.254.169.254]" time="0.001" /><testcase classname="tests.contract.test_crawl_safety" name="test_nonpublic_addresses_rejected[0.0.0.0]" time="0.001" /><testcase classname="tests.contract.test_crawl_safety" name="test_nonpublic_addresses_rejected[224.0.0.1]" time="0.001" /><testcase classname="tests.contract.test_crawl_safety" name="test_nonpublic_addresses_rejected[100.64.0.1]" time="0.001" /><testcase classname="tests.contract.test_crawl_safety" name="test_nonpublic_addresses_rejected[::1]" time="0.001" /><testcase classname="tests.contract.test_crawl_safety" name="test_nonpublic_addresses_rejected[fe80::1]" time="0.001" /><testcase classname="tests.contract.test_crawl_safety" name="test_nonpublic_addresses_rejected[fc00::1]" time="0.001" /><testcase classname="tests.contract.test_crawl_safety" name="test_nonpublic_addresses_rejected[::ffff:10.0.0.1]" time="0.001" /><testcase classname="tests.contract.test_crawl_safety" name="test_nonpublic_addresses_rejected[2002:0a00:0001::1]" time="0.001" /><testcase classname="tests.contract.test_crawl_safety" name="test_nonpublic_addresses_rejected[192.0.2.1]" time="0.001" /><testcase classname="tests.contract.test_crawl_safety" name="test_bad_urls_rejected[file:///etc/passwd]" time="0.001" /><testcase classname="tests.contract.test_crawl_safety" name="test_bad_urls_rejected[http://name:secret@example.com/]" time="0.001" /><testcase classname="tests.contract.test_crawl_safety" name="test_bad_urls_rejected[http://example.com:8080/]" time="0.001" /><testcase classname="tests.contract.test_crawl_safety" name="test_bad_urls_rejected[https://example.com/\r\nInjected:1]" time="0.001" /><testcase classname="tests.contract.test_crawl_safety" name="test_bad_urls_rejected[https://example.com\\@127.0.0.1]" time="0.001" /><testcase classname="tests.contract.test_crawl_safety" name="test_bad_urls_rejected[http://[fe80::1%25eth0]/]" time="0.001" /><testcase classname="tests.contract.test_crawl_safety" name="test_mixed_answers_never_reach_transport" time="0.024" /><testcase classname="tests.contract.test_crawl_safety" name="test_redirect_metadata_is_blocked_before_any_unsafe_request" time="0.001" /><testcase classname="tests.contract.test_crawl_safety" name="test_each_redirect_resolves_again_and_blocks_rebinding" time="0.001" /><testcase classname="tests.contract.test_crawl_safety" name="test_peer_change_rejected_at_transport_boundary" time="0.001" /><testcase classname="tests.contract.test_crawl_safety" name="test_robots_wildcards_disallow_and_cache" time="0.001" /><testcase classname="tests.contract.test_crawl_safety" name="test_failed_robots_cached_and_site_429_stops" time="0.001" /><testcase classname="tests.contract.test_crawl_safety" name="test_six_page_limit_no_assets_and_domain_throttle" time="0.003" /><testcase classname="tests.contract.test_crawl_safety" name="test_redirect_and_response_budgets" time="0.002" /><testcase classname="tests.contract.test_crawl_safety" name="test_static_only_terms_and_stricter_robots_delay" time="0.002" /><testcase classname="tests.contract.test_crawl_safety" name="test_real_transport_connects_pinned_numeric_ip_with_original_host_sni" time="0.002" /><testcase classname="tests.contract.test_crawl_safety" name="test_real_transport_rejects_certificate_mismatch_before_http" time="0.001" /><testcase classname="tests.contract.test_crawl_safety" name="test_real_transport_rejects_changed_peer_before_tls_http" time="0.001" /><testcase classname="tests.contract.test_crawl_safety" name="test_transport_cannot_disable_certificate_validation" time="0.006" /><testcase classname="tests.contract.test_crawl_safety" name="test_total_twenty_request_budget_includes_robots_and_redirects" time="0.003" /><testcase classname="tests.contract.test_crawl_safety" name="test_deadline_includes_resolution_and_never_connects_after_expiry" time="0.001" /><testcase classname="tests.contract.test_crawl_safety" name="test_real_transport_rejects_truncated_body" time="0.002" /><testcase classname="tests.integration.test_abr_recovery" name="test_baseline_change_recurrence_retry_and_current_noop" time="3.683" /><testcase classname="tests.integration.test_abr_recovery" name="test_faults_rollback_all_source_effects_and_retry[after_artifacts]" time="3.188" /><testcase classname="tests.integration.test_abr_recovery" name="test_faults_rollback_all_source_effects_and_retry[after_snapshot]" time="3.284" /><testcase classname="tests.integration.test_abr_recovery" name="test_faults_rollback_all_source_effects_and_retry[after_events]" time="3.384" /><testcase classname="tests.integration.test_abr_recovery" name="test_faults_rollback_all_source_effects_and_retry[before_cursor]" time="3.498" /><testcase classname="tests.integration.test_abr_recovery" name="test_faults_rollback_all_source_effects_and_retry[after_cursor]" time="3.936" /><testcase classname="tests.integration.test_abr_recovery" name="test_faults_rollback_all_source_effects_and_retry[before_commit]" time="3.958" /><testcase classname="tests.integration.test_abr_recovery" name="test_cached_observation_cursor_conflict_and_unverified_artifact_hold" time="3.369" /><testcase classname="tests.integration.test_abr_recovery" name="test_source_lock_is_nonblocking_and_source_specific" time="3.439" /><testcase classname="tests.integration.test_abr_recovery" name="test_parser_change_requires_explicit_rebaseline" time="4.989" /><testcase classname="tests.integration.test_abr_recovery" name="test_cancellation_alias_blocks_group_in_same_transaction" time="3.693" /><testcase classname="tests.integration.test_abr_recovery" name="test_source_alias_cancellation_resolves_merged_family" time="3.361" /><testcase classname="tests.integration.test_abr_recovery" name="test_empty_or_forged_full_diff_cannot_advance_cursor" time="4.251" /><testcase classname="tests.integration.test_abr_recovery" name="test_publication_fill_breach_holds_cursor_and_valid_retry_promotes" time="4.941" /><testcase classname="tests.integration.test_abr_recovery" name="test_zero_event_geography_change_disqualifies_existing_profile" time="4.781" /><testcase classname="tests.integration.test_abr_recovery" name="test_qbcc_backlog_collapses_shared_abn_and_inactive_blocks_group" time="3.727" /><testcase classname="tests.integration.test_acceptance_matrix" name="test_real_database_rejects_cross_record_provenance[contact_id]" time="2.359" /><testcase classname="tests.integration.test_acceptance_matrix" name="test_real_database_rejects_cross_record_provenance[channel]" time="1.998" /><testcase classname="tests.integration.test_acceptance_matrix" name="test_real_database_rejects_cross_record_provenance[lead_id]" time="2.308" /><testcase classname="tests.integration.test_acceptance_matrix" name="test_real_database_rejects_cross_record_provenance[domain_identity_id]" time="2.087" /><testcase classname="tests.integration.test_acceptance_matrix" name="test_first_capture_cannot_point_at_another_contacts_provenance" time="2.154" /><testcase classname="tests.integration.test_acceptance_matrix" name="test_brisbane_month_rollover_preserves_uncertain_old_reservation" time="2.016" /><testcase classname="tests.integration.test_acceptance_matrix" name="test_zero_cap_refuses_paid_reservation_before_any_ledger_write" time="2.089" /><testcase classname="tests.integration.test_acceptance_matrix" name="test_latest_negative_wash_overrides_older_clear[False-listed]" time="2.089" /><testcase classname="tests.integration.test_acceptance_matrix" name="test_latest_negative_wash_overrides_older_clear[False-error]" time="1.963" /><testcase classname="tests.integration.test_acceptance_matrix" name="test_latest_negative_wash_overrides_older_clear[True-listed]" time="2.248" /><testcase classname="tests.integration.test_acceptance_matrix" name="test_latest_negative_wash_overrides_older_clear[True-error]" time="2.666" /><testcase classname="tests.integration.test_api_assignments" name="test_phone_creation_and_consumption_require_current_assignment" time="2.795" /><testcase classname="tests.integration.test_api_assignments" name="test_activity_binding_and_correction_chain" time="2.805" /><testcase classname="tests.integration.test_backup" name="test_native_pg_dump_restore_replays_latest_ledger" time="23.209" /><testcase classname="tests.integration.test_backup" name="test_live_restore_drill_refused_before_native_process" time="2.054" /><testcase classname="tests.integration.test_control" name="test_positive_candidate_and_latest_unknown_blocks" time="2.540" /><testcase classname="tests.integration.test_control" name="test_suppression_first_denies_pending_and_preserves_event" time="2.101" /><testcase classname="tests.integration.test_control" name="test_consumption_first_preserves_inflight_and_replay_contract" time="2.511" /><testcase classname="tests.integration.test_control" name="test_worklist_stale_optout_still_commits" time="2.245" /><testcase classname="tests.integration.test_control" name="test_budget_concurrent_cap_and_uncertain_crossmonth" time="2.156" /><testcase classname="tests.integration.test_control" name="test_api_auth_idempotent_commit_and_changed_body" time="3.106" /><testcase classname="tests.integration.test_control" name="test_api_closed_schema_and_body_limit" time="2.524" /><testcase classname="tests.integration.test_control" name="test_api_naive_bridge_timestamp_rejected" time="2.366" /><testcase classname="tests.integration.test_control_review_regressions" name="test_express_pass_without_scope_rejected_at_service_boundary" time="1.999" /><testcase classname="tests.integration.test_control_review_regressions" name="test_sql_null_required_basis_cannot_commit[inferred]" time="2.112" /><testcase classname="tests.integration.test_control_review_regressions" name="test_sql_null_required_basis_cannot_commit[express]" time="2.065" /><testcase classname="tests.integration.test_control_review_regressions" name="test_valid_express_pass_without_inferred_limbs_allows_candidate" time="2.703" /><testcase classname="tests.integration.test_control_review_regressions" name="test_express_pass_requires_current_explicit_consent_evidence[missing]" time="2.193" /><testcase classname="tests.integration.test_control_review_regressions" name="test_express_pass_requires_current_explicit_consent_evidence[future]" time="2.220" /><testcase classname="tests.integration.test_control_review_regressions" name="test_express_pass_requires_current_explicit_consent_evidence[withdrawn]" time="2.187" /><testcase classname="tests.integration.test_control_review_regressions" name="test_express_pass_requires_current_explicit_consent_evidence[unknown]" time="1.985" /><testcase classname="tests.integration.test_control_review_regressions" name="test_express_pass_requires_current_explicit_consent_evidence[empty_source]" time="2.144" /><testcase classname="tests.integration.test_control_review_regressions" name="test_express_pass_requires_current_explicit_consent_evidence[empty_campaigns]" time="2.066" /><testcase classname="tests.integration.test_control_review_regressions" name="test_express_consent_scope_rechecked_for_exact_action_campaign[fixture-campaign-True]" time="2.165" /><testcase classname="tests.integration.test_control_review_regressions" name="test_express_consent_scope_rechecked_for_exact_action_campaign[unrelated-campaign-False]" time="2.367" /><testcase classname="tests.integration.test_control_review_regressions" name="test_incomplete_capture_never_creates_contact[change0]" time="1.913" /><testcase classname="tests.integration.test_control_review_regressions" name="test_incomplete_capture_never_creates_contact[change1]" time="2.041" /><testcase classname="tests.integration.test_control_review_regressions" name="test_incomplete_capture_never_creates_contact[change2]" time="2.000" /><testcase classname="tests.integration.test_control_review_regressions" name="test_capture_retains_real_full_content_digest_and_ciphertext" time="2.057" /><testcase classname="tests.integration.test_control_review_regressions" name="test_closed_live_collection_gate_blocks_before_contact_write" time="2.113" /><testcase classname="tests.integration.test_control_review_regressions" name="test_wrong_domain_capture_cannot_satisfy_provenance" time="2.115" /><testcase classname="tests.integration.test_control_review_regressions" name="test_endpoint_only_optout_schedules_each_shared_remote_group" time="2.138" /><testcase classname="tests.integration.test_control_review_regressions" name="test_unknown_phone_timezone_cannot_export_even_with_current_wash" time="2.203" /><testcase classname="tests.integration.test_control_review_regressions" name="test_confirmed_phone_candidate_with_calendar_and_wash_allowed" time="2.080" /><testcase classname="tests.integration.test_control_review_regressions" name="test_nonempty_but_invalid_iana_timezone_is_still_blocked" time="1.920" /><testcase classname="tests.integration.test_control_review_regressions" name="test_calling_calendar_invalid_dates_cannot_masquerade_as_coverage" time="1.925" /><testcase classname="tests.integration.test_control_review_regressions" name="test_retention_override_cannot_delete_suppression_ledger" time="1.915" /><testcase classname="tests.integration.test_control_review_regressions" name="test_identity_two_attributes_require_distinct_reference_objects[references0]" time="2.108" /><testcase classname="tests.integration.test_control_review_regressions" name="test_identity_two_attributes_require_distinct_reference_objects[references1]" time="3.376" /><testcase classname="tests.integration.test_control_review_regressions" name="test_identity_two_attributes_require_distinct_reference_objects[truthy-string]" time="2.636" /><testcase classname="tests.integration.test_control_review_regressions" name="test_exact_identity_requires_real_identifier_in_matching_domain_capture[capture0]" time="2.374" /><testcase classname="tests.integration.test_control_review_regressions" name="test_exact_identity_requires_real_identifier_in_matching_domain_capture[capture1]" time="2.566" /><testcase classname="tests.integration.test_control_review_regressions" name="test_exact_identity_requires_real_identifier_in_matching_domain_capture[capture2]" time="2.364" /><testcase classname="tests.integration.test_control_review_regressions" name="test_budget_rejects_understated_amount_and_missing_price" time="2.782" /><testcase classname="tests.integration.test_control_review_regressions" name="test_budget_valid_tariff_has_positive_reservation" time="2.953" /><testcase classname="tests.integration.test_control_review_regressions" name="test_short_and_reused_key_material_rejected" time="0.002" /><testcase classname="tests.integration.test_control_review_regressions" name="test_encrypted_key_rotation_survives_reload_and_prior_is_lookup_only" time="0.053" /><testcase classname="tests.integration.test_control_review_regressions" name="test_stale_key_store_writer_does_not_overwrite_rotation" time="0.044" /><testcase classname="tests.integration.test_control_review_regressions" name="test_live_plaintext_key_store_is_rejected" time="0.014" /><testcase classname="tests.integration.test_control_review_regressions" name="test_retirement_of_unused_prior_key_persists" time="2.730" /><testcase classname="tests.integration.test_control_review_regressions" name="test_missing_retained_key_freezes_before_future_source_matching" time="2.647" /><testcase classname="tests.integration.test_control_review_regressions" name="test_retained_suppression_key_cannot_be_retired_after_rotation" time="2.275" /><testcase classname="tests.integration.test_control_review_regressions" name="test_same_version_replacement_material_cannot_silently_lose_optout" time="2.498" /><testcase classname="tests.integration.test_cost_evidence" name="test_cost_inputs_make_full_costs_known_without_counting_budget_usage_as_cash" time="2.991" /><testcase classname="tests.integration.test_cost_evidence" name="test_partial_evidence_retains_unknowns_and_cohort_allocations_are_separate" time="2.835" /><testcase classname="tests.integration.test_cost_evidence" name="test_conflicting_period_future_approval_and_unsubstantiated_fields_rejected" time="3.219" /><testcase classname="tests.integration.test_cost_evidence" name="test_cost_receipts_erased90days_numeric_metrics24months_and_unknown_time" time="2.695" /><testcase classname="tests.integration.test_crm_recovery" name="test_create_timeout_reconciles_verified_payload_without_duplicate" time="4.617" /><testcase classname="tests.integration.test_crm_recovery" name="test_update_timeout_does_not_confuse_existing_identity_with_desired_fields[False]" time="3.498" /><testcase classname="tests.integration.test_crm_recovery" name="test_update_timeout_does_not_confuse_existing_identity_with_desired_fields[True]" time="3.516" /><testcase classname="tests.integration.test_crm_recovery" name="test_lookup_timeout_retries_discovery_and_can_create" time="3.272" /><testcase classname="tests.integration.test_crm_recovery" name="test_unknown_create_without_match_never_blindly_creates_again" time="3.699" /><testcase classname="tests.integration.test_crm_recovery" name="test_suppression_can_commit_during_provider_lookup_and_prevents_dispatch" time="3.086" /><testcase classname="tests.integration.test_crm_recovery" name="test_inflight_create_after_suppression_commits_adds_new_propagation_work" time="3.650" /><testcase classname="tests.integration.test_crm_recovery" name="test_lease_ownership_blocks_second_worker_during_provider_io" time="3.030" /><testcase classname="tests.integration.test_crm_recovery" name="test_worker_crash_after_remote_create_reclaims_by_durable_operation" time="3.572" /><testcase classname="tests.integration.test_crm_recovery" name="test_payload_mismatch_after_successful_response_does_not_mark_success" time="3.118" /><testcase classname="tests.integration.test_crm_recovery" name="test_repeated_uncertain_create_dead_letters_without_new_create" time="5.189" /><testcase classname="tests.integration.test_crm_recovery" name="test_review_revision_changed_during_lookup_prevents_dispatch" time="3.021" /><testcase classname="tests.integration.test_crm_recovery" name="test_contradictory_remote_group_is_held_without_updating" time="2.928" /><testcase classname="tests.integration.test_crm_recovery" name="test_suppressed_crashed_create_reconciles_for_removal_without_new_write" time="3.636" /><testcase classname="tests.integration.test_crm_recovery" name="test_typed_mapping_rejects_invalid_actual_projection[score-True]" time="0.006" /><testcase classname="tests.integration.test_crm_recovery" name="test_typed_mapping_rejects_invalid_actual_projection[score-101]" time="0.006" /><testcase classname="tests.integration.test_crm_recovery" name="test_typed_mapping_rejects_invalid_actual_projection[abn-123]" time="0.006" /><testcase classname="tests.integration.test_crm_recovery" name="test_typed_mapping_rejects_invalid_actual_projection[tier-B]" time="0.006" /><testcase classname="tests.integration.test_crm_recovery" name="test_typed_mapping_rejects_invalid_actual_projection[website-javascript:alert(1)]" time="0.006" /><testcase classname="tests.integration.test_crm_recovery" name="test_typed_mapping_rejects_invalid_actual_projection[state-None]" time="0.006" /><testcase classname="tests.integration.test_crm_recovery" name="test_typed_mapping_rejects_invalid_actual_projection[positioning_notes-xxxxxxxxxxxxxxxxxxxxxxxxxxxxxxxxxxxxxxxxxxxxxxxxxxxxxxxxxxxxxxxxxxxxxxxxxxxxxxxxxxxxxxxxxxxxxxxxxxxxxxxxxxxxxxxxxxxxxxxxxxxxxxxxxxxxxxxxxxxxxxxxxxxxxxxxxxxxxxxxxxxxxxxxxxxxxxxxxxxxxxxxxxxxxxxxxxxxxxxxxxxxxxxxxxxxxxxxxxxxxxxxxxxxxxxxxxxxxxxxxxxxxxxxxxxxxxxxxxxxxxxxxxxxxxxxxxxxxxxxxxxxxxxxxxxxxxxxxxxxxxxxxxxxxxxxxxxxxxxxxxxxxxxxxxxxxxxxxxxxxxxxxxxxxxxxxxxxxxxxxxxxxxxxxxxxxxxxxxxxxxxxxxxxxxxxxxxxxxxxx]" time="0.006" /><testcase classname="tests.integration.test_crm_recovery" name="test_duplicate_custom_field_ids_fail_closed" time="0.029" /><testcase classname="tests.integration.test_dashboard" name="test_saved_settings_change_real_run_and_survive_restart" time="4.448" /><testcase classname="tests.integration.test_dashboard" name="test_browser_boundary_and_closed_settings" time="2.313" /><testcase classname="tests.integration.test_dashboard" name="test_run_lock_deduplicates_across_dashboard_instances" time="2.460" /><testcase classname="tests.integration.test_dashboard" name="test_interrupted_job_is_explicit_and_never_replayed" time="2.263" /><testcase classname="tests.integration.test_dashboard" name="test_job_completion_between_receipt_read_and_lock_is_preserved[complete]" time="2.201" /><testcase classname="tests.integration.test_dashboard" name="test_job_completion_between_receipt_read_and_lock_is_preserved[failed]" time="2.200" /><testcase classname="tests.integration.test_dashboard" name="test_receipt_removed_before_job_lock_is_not_resurrected" time="2.367" /><testcase classname="tests.integration.test_dashboard" name="test_submit_rechecks_idempotency_after_acquiring_process_lock[abr-None]" time="1.948" /><testcase classname="tests.integration.test_dashboard" name="test_submit_rechecks_idempotency_after_acquiring_process_lock[qbcc-REQUEST_ID_CONFLICT]" time="2.038" /><testcase classname="tests.integration.test_dashboard" name="test_invalid_job_receipts_leave_other_results_available_with_notice" time="2.137" /><testcase classname="tests.integration.test_dashboard" name="test_report_integrity_scope_deletion_and_current_authority" time="8.669" /><testcase classname="tests.integration.test_dashboard" name="test_dashboard_report_masks_allowed_contacts_without_changing_private_artifacts" time="7.533" /><testcase classname="tests.integration.test_duplicate_hints" name="test_same_name_alone_never_hints_or_merges" time="2.151" /><testcase classname="tests.integration.test_duplicate_hints" name="test_shared_domain_hints_never_disclose_contact_or_merge" time="2.661" /><testcase classname="tests.integration.test_enrichment_worker" name="test_complete_receipts_scores_and_lead_wide_cache" time="4.157" /><testcase classname="tests.integration.test_enrichment_worker" name="test_unknown_response_reconciles_same_id_and_never_repays" time="4.560" /><testcase classname="tests.integration.test_enrichment_worker" name="test_nonzero_budget_stop_is_resumable_and_not_attempted" time="3.879" /><testcase classname="tests.integration.test_enrichment_worker" name="test_suppression_during_transport_settles_but_never_applies" time="3.135" /><testcase classname="tests.integration.test_enrichment_worker" name="test_discovery_failure_vs_interruption[exhausted-exhausted]" time="2.847" /><testcase classname="tests.integration.test_enrichment_worker" name="test_discovery_failure_vs_interruption[quota-blocked]" time="2.805" /><testcase classname="tests.integration.test_enrichment_worker" name="test_discovery_failure_vs_interruption[uncertain-blocked]" time="3.126" /><testcase classname="tests.integration.test_enrichment_worker" name="test_claim_excludes_concurrent_worker_and_policy_revocation" time="3.498" /><testcase classname="tests.integration.test_enrichment_worker" name="test_final_receipt_survives_policy_hold_without_provider_repay" time="4.816" /><testcase classname="tests.integration.test_enrichment_worker" name="test_expired_lease_response_cannot_apply_and_reconciles" time="4.832" /><testcase classname="tests.integration.test_enrichment_worker" name="test_exhausted_receipt_after_policy_hold_never_starts_later_stages" time="3.527" /><testcase classname="tests.integration.test_enrichment_worker_review" name="test_quarantine_prevents_any_provider_reservation_or_call[restore_quarantine]" time="2.524" /><testcase classname="tests.integration.test_enrichment_worker_review" name="test_quarantine_prevents_any_provider_reservation_or_call[key_compromised]" time="2.395" /><testcase classname="tests.integration.test_enrichment_worker_review" name="test_quarantine_prevents_any_provider_reservation_or_call[memory]" time="2.048" /><testcase classname="tests.integration.test_enrichment_worker_review" name="test_merged_business_cooldown_survives_source_profile_erasure" time="4.293" /><testcase classname="tests.integration.test_enrichment_worker_review" name="test_expired_retained_receipt_body_blocks_without_crash_or_repayment" time="3.291" /><testcase classname="tests.integration.test_erasure_metrics" name="test_closed_window_pilot_totals_survive_optout_profile_erasure[False]" time="2.348" /><testcase classname="tests.integration.test_erasure_metrics" name="test_closed_window_pilot_totals_survive_optout_profile_erasure[True]" time="2.667" /><testcase classname="tests.integration.test_erasure_metrics" name="test_erased_activity_expires_without_live_fallback_and_scoped_hold_survives" time="2.199" /><testcase classname="tests.integration.test_erasure_metrics" name="test_scoped_metric_hold_keeps_old_minimal_fact_without_identifying_profile" time="2.217" /><testcase classname="tests.integration.test_erasure_metrics" name="test_merged_group_activity_uses_first_fixed_tier_once_after_erasure" time="2.513" /><testcase classname="tests.integration.test_erasure_metrics" name="test_cross_cohort_correction_and_late_cost_import_survive_erasure" time="2.050" /><testcase classname="tests.integration.test_erasure_metrics" name="test_expired_activity_chain_preserves_recent_correction_then_purges_all" time="2.245" /><testcase classname="tests.integration.test_erasure_metrics" name="test_entirely_expired_chain_is_purged_in_first_retention_execution" time="2.054" /><testcase classname="tests.integration.test_final_report_review" name="test_report_flags_shared_domain_for_review_without_merging" time="2.395" /><testcase classname="tests.integration.test_final_report_review" name="test_report_context_refuses_personal_projection_in_quarantine[restore_quarantine]" time="2.349" /><testcase classname="tests.integration.test_final_report_review" name="test_report_context_refuses_personal_projection_in_quarantine[key_compromised]" time="2.017" /><testcase classname="tests.integration.test_final_report_review" name="test_report_context_refuses_personal_projection_in_quarantine[memory]" time="2.231" /><testcase classname="tests.integration.test_merge" name="test_merge_preserves_history_and_future_alias_lookup" time="2.168" /><testcase classname="tests.integration.test_merge" name="test_merge_optout_propagates_to_every_member_and_future_alias[before]" time="2.239" /><testcase classname="tests.integration.test_merge" name="test_merge_optout_propagates_to_every_member_and_future_alias[after]" time="2.547" /><testcase classname="tests.integration.test_merge" name="test_merge_blocks_stale_evidence_and_remote_identity" time="2.904" /><testcase classname="tests.integration.test_merge_cancellation_resolution" name="test_resolving_family_cancellation_never_reactivates_merged_source" time="3.589" /><testcase classname="tests.integration.test_merge_evidence_retention" name="test_merge_evidence_expires_while_minimal_graph_and_holds_survive" time="2.457" /><testcase classname="tests.integration.test_merge_evidence_retention" name="test_merge_evidence_cannot_be_erased_early_or_fabricated_missing" time="2.400" /><testcase classname="tests.integration.test_merge_evidence_retention" name="test_selected_profile_archive_preserves_available_merge_review" time="2.831" /><testcase classname="tests.integration.test_merge_review_regressions" name="test_canonical_identity_and_licence_accept_preserved_family_alias[False]" time="2.318" /><testcase classname="tests.integration.test_merge_review_regressions" name="test_canonical_identity_and_licence_accept_preserved_family_alias[True]" time="2.952" /><testcase classname="tests.integration.test_merge_review_regressions" name="test_merge_requires_distinct_nonblank_evidence[refs0]" time="2.795" /><testcase classname="tests.integration.test_merge_review_regressions" name="test_merge_requires_distinct_nonblank_evidence[refs1]" time="2.810" /><testcase classname="tests.integration.test_merge_review_regressions" name="test_erased_merged_member_preserves_future_business_and_endpoint_stops[False]" time="3.235" /><testcase classname="tests.integration.test_merge_review_regressions" name="test_erased_merged_member_preserves_future_business_and_endpoint_stops[True]" time="3.100" /><testcase classname="tests.integration.test_merge_review_regressions" name="test_latest_ledger_restores_merge_before_matching_source_alias" time="3.263" /><testcase classname="tests.integration.test_merge_review_regressions" name="test_merge_invalidates_pending_crm_on_both_members" time="3.202" /><testcase classname="tests.integration.test_merge_review_regressions" name="test_merge_rejects_dispatched_crm_without_changing_graph[inflight]" time="2.734" /><testcase classname="tests.integration.test_merge_review_regressions" name="test_merge_rejects_dispatched_crm_without_changing_graph[uncertain]" time="2.806" /><testcase classname="tests.integration.test_operational_summary" name="test_database_summary_counts_cumulative_attempts_and_deduplicates_alarm" time="2.367" /><testcase classname="tests.integration.test_ops_monitor" name="test_closed_observation_rejects_personal_fields_and_unreferenced_inventory" time="0.004" /><testcase classname="tests.integration.test_ops_monitor" name="test_inventory_thresholds_are_persisted_deduplicated_and_unknown_explicit" time="2.659" /><testcase classname="tests.integration.test_ops_monitor" name="test_actual_run_resources_policy_heartbeat_and_backup_failure" time="2.150" /><testcase classname="tests.integration.test_ops_monitor" name="test_distinct_nonbaseline_publications_only_enter_volume_reference" time="2.377" /><testcase classname="tests.integration.test_ops_monitor" name="test_mock_delivery_two_workers_one_receipt_and_no_raw_payload" time="2.896" /><testcase classname="tests.integration.test_ops_monitor" name="test_mock_retry_due_time_and_five_attempt_dead_letter" time="4.181" /><testcase classname="tests.integration.test_ops_monitor" name="test_expired_claim_recovered_and_exhausted_claim_closed" time="2.859" /><testcase classname="tests.integration.test_ops_monitor" name="test_control_failure_inventory_is_closed_and_durable" time="2.588" /><testcase classname="tests.integration.test_ops_monitor" name="test_client_optout_date_does_not_fabricate_server_commit_latency" time="2.554" /><testcase classname="tests.integration.test_ops_monitor" name="test_weighted_fill_uses_distinct_matching_contract_publication[0.97-parser-v1-True]" time="2.295" /><testcase classname="tests.integration.test_ops_monitor" name="test_weighted_fill_uses_distinct_matching_contract_publication[0.98-parser-v1-False]" time="2.549" /><testcase classname="tests.integration.test_ops_monitor" name="test_weighted_fill_uses_distinct_matching_contract_publication[0.9-parser-v2-False]" time="2.239" /><testcase classname="tests.integration.test_pipeline" name="test_complete_fixture_and_replay_keep_authority_and_provenance" time="9.308" /><testcase classname="tests.integration.test_pipeline" name="test_complete_replay_rechecks_current_policy_and_masks_new_bundle" time="10.984" /><testcase classname="tests.integration.test_pipeline" name="test_source_crash_resume_without_duplicate_promotions[after_parse]" time="9.009" /><testcase classname="tests.integration.test_pipeline" name="test_source_crash_resume_without_duplicate_promotions[after_stage_commit]" time="9.265" /><testcase classname="tests.integration.test_pipeline" name="test_source_crash_resume_without_duplicate_promotions[after_source_commit]" time="8.781" /><testcase classname="tests.integration.test_pipeline" name="test_report_crash_repairs_with_new_bundle_without_source_replay[after_report_write]" time="7.621" /><testcase classname="tests.integration.test_pipeline" name="test_report_crash_repairs_with_new_bundle_without_source_replay[after_run_result_commit]" time="9.221" /><testcase classname="tests.integration.test_pipeline" name="test_missing_report_and_receipt_repaired_from_current_authority" time="9.326" /><testcase classname="tests.integration.test_pipeline" name="test_saved_input_and_process_lock_fail_closed" time="7.451" /><testcase classname="tests.integration.test_pipeline" name="test_artifact_ownership_precedes_source_writer" time="6.864" /><testcase classname="tests.integration.test_propagation" name="test_endpoint_only_stop_clears_owned_projection_preserves_other_tags" time="3.878" /><testcase classname="tests.integration.test_propagation" name="test_unknown_update_reconciles_before_success_without_repeating_write" time="4.236" /><testcase classname="tests.integration.test_propagation" name="test_wrong_remote_identity_is_never_modified" time="2.910" /><testcase classname="tests.integration.test_propagation" name="test_provider_io_releases_authority_and_second_worker_cannot_claim" time="4.695" /><testcase classname="tests.integration.test_propagation" name="test_quarantine_prevents_provider_projection_and_retry_is_bounded" time="5.113" /><testcase classname="tests.integration.test_propagation" name="test_blocked_approval_without_dispatch_does_not_hold_propagation[False]" time="3.470" /><testcase classname="tests.integration.test_propagation" name="test_blocked_approval_without_dispatch_does_not_hold_propagation[True]" time="3.754" /><testcase classname="tests.integration.test_qbcc_review_stage" name="test_approved_file_stages_encrypted_unknown_without_candidate_or_cursor" time="2.460" /><testcase classname="tests.integration.test_qbcc_review_stage" name="test_closed_authority_precedes_keys_and_input[fixture]" time="2.040" /><testcase classname="tests.integration.test_qbcc_review_stage" name="test_closed_authority_precedes_keys_and_input[fixture_db]" time="2.246" /><testcase classname="tests.integration.test_qbcc_review_stage" name="test_closed_authority_precedes_keys_and_input[capability]" time="2.160" /><testcase classname="tests.integration.test_qbcc_review_stage" name="test_closed_authority_precedes_keys_and_input[G1]" time="2.213" /><testcase classname="tests.integration.test_qbcc_review_stage" name="test_closed_authority_precedes_keys_and_input[G2]" time="2.041" /><testcase classname="tests.integration.test_qbcc_review_stage" name="test_closed_authority_precedes_keys_and_input[G3]" time="2.110" /><testcase classname="tests.integration.test_qbcc_review_stage" name="test_closed_authority_precedes_keys_and_input[G7]" time="2.294" /><testcase classname="tests.integration.test_qbcc_review_stage" name="test_closed_authority_precedes_keys_and_input[malformed_hash]" time="2.416" /><testcase classname="tests.integration.test_qbcc_review_stage" name="test_closed_authority_precedes_keys_and_input[mapping]" time="2.208" /><testcase classname="tests.integration.test_qbcc_review_stage" name="test_closed_authority_precedes_keys_and_input[scope]" time="2.368" /><testcase classname="tests.integration.test_qbcc_review_stage" name="test_closed_authority_precedes_keys_and_input[future_latest]" time="2.545" /><testcase classname="tests.integration.test_qbcc_review_stage" name="test_replay_never_rereads_source_and_detects_artifact_tampering" time="3.199" /><testcase classname="tests.integration.test_qbcc_review_stage" name="test_failed_intake_keeps_owned_artifacts_but_no_observation[digest]" time="2.628" /><testcase classname="tests.integration.test_qbcc_review_stage" name="test_failed_intake_keeps_owned_artifacts_but_no_observation[parser]" time="2.690" /><testcase classname="tests.integration.test_qbcc_review_stage" name="test_failed_intake_keeps_owned_artifacts_but_no_observation[limit]" time="2.624" /><testcase classname="tests.integration.test_qbcc_review_stage" name="test_gate_revoked_during_parse_prevents_usable_intake" time="2.768" /><testcase classname="tests.integration.test_qbcc_review_stage" name="test_existing_source_cursor_is_preserved_and_stale_receipt_rejected" time="2.683" /><testcase classname="tests.integration.test_qbcc_review_stage" name="test_intake_has_existing_seven_day_artifact_retention" time="2.808" /><testcase classname="tests.integration.test_qbcc_review_stage" name="test_preexisting_directory_is_not_adopted" time="3.192" /><testcase classname="tests.integration.test_qbcc_review_stage" name="test_quarantine_blocks_input_before_copy" time="2.475" /><testcase classname="tests.integration.test_qbcc_review_stage" name="test_actual_expired_cleanup_remains_possible_after_collection_permission_removed" time="3.091" /><testcase classname="tests.integration.test_qbcc_review_stage" name="test_cleanup_holds_changed_or_protected_artifacts[artifact_hold]" time="2.708" /><testcase classname="tests.integration.test_qbcc_review_stage" name="test_cleanup_holds_changed_or_protected_artifacts[run_hold]" time="3.038" /><testcase classname="tests.integration.test_qbcc_review_stage" name="test_cleanup_holds_changed_or_protected_artifacts[changed_bytes]" time="3.313" /><testcase classname="tests.integration.test_qbcc_review_stage" name="test_cleanup_holds_changed_or_protected_artifacts[fresh_writer]" time="2.871" /><testcase classname="tests.integration.test_qbcc_review_stage" name="test_crashed_partial_and_absent_owned_file_can_expire" time="3.020" /><testcase classname="tests.integration.test_qbcc_review_stage" name="test_stale_writer_recovered_before_its_seven_day_expiry" time="2.430" /><testcase classname="tests.integration.test_qbcc_review_stage" name="test_non_csv_and_credential_paths_rejected_before_key_loading[.env]" time="2.174" /><testcase classname="tests.integration.test_qbcc_review_stage" name="test_non_csv_and_credential_paths_rejected_before_key_loading[token.json]" time="2.122" /><testcase classname="tests.integration.test_qbcc_review_stage" name="test_non_csv_and_credential_paths_rejected_before_key_loading[secrets/data.csv]" time="6.397" /><testcase classname="tests.integration.test_qbcc_review_stage" name="test_non_csv_and_credential_paths_rejected_before_key_loading[.ssh/data.csv]" time="2.009" /><testcase classname="tests.integration.test_qbcc_review_stage" name="test_encrypted_output_limit_keeps_partial_artifact_deletable" time="2.737" /><testcase classname="tests.integration.test_qbcc_review_stage" name="test_cleanup_fairness_does_not_starve_new_due_run_behind_100_held_attempts" time="3.845" /><testcase classname="tests.integration.test_qbcc_review_stage" name="test_replay_oversized_artifact_never_uses_unbounded_verifier" time="2.734" /><testcase classname="tests.integration.test_qbcc_review_stage" name="test_effective_fixture_dsn_rejected_before_connection_or_keys[postgresql://%61br_fixture:synthetic@127.0.0.1/private]" time="0.012" /><testcase classname="tests.integration.test_qbcc_review_stage" name="test_effective_fixture_dsn_rejected_before_connection_or_keys[postgresql://synthetic:synthetic@127.0.0.1/%61br_fixture]" time="0.005" /><testcase classname="tests.integration.test_qbcc_review_stage" name="test_effective_fixture_dsn_rejected_before_connection_or_keys[postgresql://synthetic:synthetic@127.0.0.1/private?user=abr_fixture]" time="0.005" /><testcase classname="tests.integration.test_qbcc_review_stage" name="test_effective_fixture_dsn_rejected_before_connection_or_keys[postgresql://synthetic:synthetic@127.0.0.1/private?dbname=abr_fixture]" time="0.005" /><testcase classname="tests.integration.test_qbcc_review_stage" name="test_effective_fixture_dsn_rejected_before_connection_or_keys[postgresql://synthetic:synthetic@127.0.0.1/private?service=fixture]" time="0.005" /><testcase classname="tests.integration.test_qbcc_review_stage" name="test_effective_fixture_dsn_rejected_before_connection_or_keys[postgresql://127.0.0.1/private]" time="0.005" /><testcase classname="tests.integration.test_qbcc_review_stage" name="test_effective_fixture_dsn_rejected_before_connection_or_keys[invalid-dsn]" time="0.007" /><testcase classname="tests.integration.test_qualification_version" name="test_created_candidate_records_reviewed_policy_version" time="1.965" /><testcase classname="tests.integration.test_qualification_version" name="test_final_scoring_records_version_on_completed_attempt" time="3.570" /><testcase classname="tests.integration.test_read_quarantine" name="test_quarantine_prevents_personal_data_reads[restore_quarantine]" time="2.536" /><testcase classname="tests.integration.test_read_quarantine" name="test_quarantine_prevents_personal_data_reads[key_compromised]" time="4.199" /><testcase classname="tests.integration.test_rebaseline_reason" name="test_cli_rebaseline_preserves_exact_reason_and_emits_zero_events" time="3.792" /><testcase classname="tests.integration.test_rebaseline_reason" name="test_cli_rebaseline_rejects_empty_reason_before_run" time="1.971" /><testcase classname="tests.integration.test_retention" name="test_profile_erasure_removes_active_plaintext_and_keeps_matching_aliases" time="2.136" /><testcase classname="tests.integration.test_retention" name="test_retention_trigger_cannot_remove_optout_and_remote_state_not_completed" time="2.226" /><testcase classname="tests.integration.test_retention" name="test_selected_archive_retains_identity_and_permission_with_original_clock" time="2.406" /><testcase classname="tests.integration.test_retention" name="test_scoped_hold_blocks_erasure_without_assuming_review_date_waives_it" time="2.413" /><testcase classname="tests.integration.test_retention" name="test_direct_live_erasure_denied_even_if_caller_skips_retention_run" time="2.081" /><testcase classname="tests.integration.test_retention" name="test_suppression_30_days_and_unworked_180_days_do_not_use_crawl_time" time="2.283" /><testcase classname="tests.integration.test_retention" name="test_replay_requires_quarantine_digest_and_watermark_and_never_reopens" time="2.276" /><testcase classname="tests.integration.test_retention" name="test_restore_replays_newer_optout_into_pre_optout_state" time="2.235" /><testcase classname="tests.integration.test_retention" name="test_restore_alias_conflict_fails_instead_of_silently_reconciling" time="2.059" /><testcase classname="tests.integration.test_retention" name="test_restore_rejects_conflicting_or_cyclic_merge_edges[different_target]" time="1.987" /><testcase classname="tests.integration.test_retention" name="test_restore_rejects_conflicting_or_cyclic_merge_edges[cycle]" time="2.054" /><testcase classname="tests.integration.test_retention" name="test_restore_runs_overdue_profile_deletion_before_reconciled_receipt" time="2.151" /><testcase classname="tests.integration.test_retention" name="test_finite_artifact_schedule[raw-30]" time="0.001" /><testcase classname="tests.integration.test_retention" name="test_finite_artifact_schedule[snapshot-90]" time="0.001" /><testcase classname="tests.integration.test_retention" name="test_finite_artifact_schedule[page-90]" time="0.001" /><testcase classname="tests.integration.test_retention" name="test_finite_artifact_schedule[backup-35]" time="0.001" /><testcase classname="tests.integration.test_retention" name="test_finite_artifact_schedule[report-90]" time="0.001" /><testcase classname="tests.integration.test_retention" name="test_finite_artifact_schedule[manifest-90]" time="0.001" /><testcase classname="tests.integration.test_retention" name="test_finite_artifact_schedule[orphan-7]" time="0.001" /><testcase classname="tests.integration.test_retention" name="test_minimal_metrics_use_calendar_months_and_unknown_kind_is_held" time="0.001" /><testcase classname="tests.integration.test_retention" name="test_enrichment_result_erasure_preserves_minimal_paid_receipt[False]" time="2.255" /><testcase classname="tests.integration.test_retention" name="test_enrichment_result_erasure_preserves_minimal_paid_receipt[True]" time="2.280" /><testcase classname="tests.integration.test_retention" name="test_provenance_hold_prevents_profile_erasure_without_group_hold" time="2.059" /><testcase classname="tests.integration.test_retention" name="test_redacted_ops_records_expire_at90days_with_scoped_holds" time="2.398" /><testcase classname="tests.integration.test_retention" name="test_owned_expired_snapshot_bytes_deleted_cursor_invalidated_with_version_preserved" time="2.162" /><testcase classname="tests.integration.test_retention" name="test_artifact_deletion_rejects_wrong_root_changed_bytes_and_hold[outside]" time="1.784" /><testcase classname="tests.integration.test_retention" name="test_artifact_deletion_rejects_wrong_root_changed_bytes_and_hold[changed]" time="2.033" /><testcase classname="tests.integration.test_retention" name="test_artifact_deletion_rejects_wrong_root_changed_bytes_and_hold[hold]" time="1.831" /><testcase classname="tests.integration.test_retention" name="test_backup_schedule_does_not_claim_provider_expiry_receipt" time="2.479" /><testcase classname="tests.integration.test_retention" name="test_ordinary_page_ciphertext_erased_after_90_days_with_provenance_retained" time="2.151" /><testcase classname="tests.integration.test_retention" name="test_page_erasure_cannot_rewrite_provenance_or_remove_fresh_capture" time="1.965" /><testcase classname="tests.integration.test_retention" name="test_selected_page_capture_and_restricted_archive_survive_ordinary_90_day_purge" time="3.788" /><testcase classname="tests.integration.test_retention" name="test_full_source_identifiers_purged_to_minimal_counts_then_metrics_expire" time="2.216" /><testcase classname="tests.integration.test_retention" name="test_snapshot_scoped_hold_preserves_full_events_without_aggregating_twice" time="2.054" /><testcase classname="tests.integration.test_summary_review" name="test_past_budget_exhaustion_does_not_report_current_stop" time="1.945" /><testcase classname="tests.integration.test_summary_review" name="test_expired_policy_emits_alarm" time="1.948" /><testcase classname="tests.integration.test_summary_review" name="test_completed_propagation_does_not_alarm" time="2.000" /><testcase classname="tests.integration.test_summary_review" name="test_pending_propagation_alarms_once" time="1.844" /><testcase classname="tests.unit.test_dashboard_launcher" name="test_corrupt_state_is_never_process_authority" time="0.023" /><testcase classname="tests.unit.test_dashboard_launcher" name="test_recycled_pid_and_foreign_command_are_not_owned" time="0.003" /><testcase classname="tests.unit.test_dashboard_launcher" name="test_stop_never_terminates_a_foreign_listener" time="0.007" /><testcase classname="tests.unit.test_dashboard_launcher" name="test_start_leaves_existing_listener_and_skips_bootstrap" time="0.007" /><testcase classname="tests.unit.test_dashboard_launcher" name="test_repeated_start_reuses_healthy_owned_dashboard" time="0.007" /><testcase classname="tests.unit.test_dashboard_launcher" name="test_start_recovers_database_without_replacing_owned_dashboard" time="0.008" /><testcase classname="tests.unit.test_dashboard_launcher" name="test_recovery_rechecks_ownership_before_stopping_anything" time="0.008" /><testcase classname="tests.unit.test_dashboard_launcher" name="test_unhealthy_owned_dashboard_is_restarted_after_database_recovery" time="0.019" /><testcase classname="tests.unit.test_dashboard_launcher" name="test_stopping_stopped_dashboard_cleans_only_stale_receipt" time="0.025" /><testcase classname="tests.unit.test_dashboard_launcher" name="test_concurrent_control_is_rejected_and_lock_releases" time="0.014" /><testcase classname="tests.unit.test_diff_review" name="test_range_join_emits_multiple_events_and_preserves_boundaries" time="0.161" /><testcase classname="tests.unit.test_diff_review" name="test_adaptive_skew_subdivision_keeps_every_key_once" time="1.743" /><testcase classname="tests.unit.test_diff_review" name="test_baseline_and_noop_write_readable_empty_outputs[True]" time="0.079" /><testcase classname="tests.unit.test_diff_review" name="test_baseline_and_noop_write_readable_empty_outputs[False]" time="0.153" /><testcase classname="tests.unit.test_diff_review" name="test_schema_rebaseline_is_explicit_and_never_emits_new_signals" time="0.082" /><testcase classname="tests.unit.test_diff_review" name="test_duplicate_cross_part_key_rejected_before_output" time="0.067" /><testcase classname="tests.unit.test_diff_review" name="test_failed_final_writer_removes_partial_output_for_retry" time="0.179" /><testcase classname="tests.unit.test_discovery" name="test_all_parts_download_resume_reread_and_real_parser_manifest" time="0.181" /><testcase classname="tests.unit.test_discovery" name="test_metadata_drift_holds_before_parse_then_fresh_attempt_recovers[generation]" time="0.136" /><testcase classname="tests.unit.test_discovery" name="test_metadata_drift_holds_before_parse_then_fresh_attempt_recovers[url]" time="0.144" /><testcase classname="tests.unit.test_discovery" name="test_metadata_drift_holds_before_parse_then_fresh_attempt_recovers[members]" time="0.147" /><testcase classname="tests.unit.test_discovery" name="test_metadata_drift_holds_before_parse_then_fresh_attempt_recovers[etag]" time="0.151" /><testcase classname="tests.unit.test_discovery" name="test_metadata_drift_holds_before_parse_then_fresh_attempt_recovers[published_at]" time="0.135" /><testcase classname="tests.unit.test_discovery" name="test_invalid_inventory_never_downloads[missing]" time="0.005" /><testcase classname="tests.unit.test_discovery" name="test_invalid_inventory_never_downloads[duplicate]" time="0.007" /><testcase classname="tests.unit.test_discovery" name="test_invalid_inventory_never_downloads[bad_host]" time="0.006" /><testcase classname="tests.unit.test_discovery" name="test_invalid_inventory_never_downloads[schema]" time="0.006" /><testcase classname="tests.unit.test_discovery" name="test_invalid_inventory_never_downloads[dataset]" time="0.006" /><testcase classname="tests.unit.test_discovery" name="test_response_metadata_binding_and_aggregate_limit" time="0.007" /><testcase classname="tests.unit.test_discovery" name="test_digest_and_inner_generation_cannot_be_faked_by_metadata" time="0.129" /><testcase classname="tests.unit.test_discovery" name="test_bounded_metadata_retry_and_no_live_or_schema_bypass" time="0.006" /><testcase classname="tests.unit.test_discovery" name="test_source_labels_never_control_local_paths" time="0.128" /><testcase classname="tests.unit.test_discovery" name="test_unknown_lengths_still_share_actual_download_byte_cap" time="0.014" /><testcase classname="tests.unit.test_discovery" name="test_download_exhaustion_never_parses_or_rereads_metadata" time="0.008" /><testcase classname="tests.unit.test_enrichment" name="test_email_preserves_endpoint_identity_and_selects_one" time="0.001" /><testcase classname="tests.unit.test_enrichment" name="test_reject_bad_phones[000]" time="0.001" /><testcase classname="tests.unit.test_enrichment" name="test_reject_bad_phones[+12025550123]" time="0.001" /><testcase classname="tests.unit.test_enrichment" name="test_reject_bad_phones[0412 345 678 ext 2]" time="0.001" /><testcase classname="tests.unit.test_enrichment" name="test_reject_bad_phones[412345678]" time="0.001" /><testcase classname="tests.unit.test_enrichment" name="test_reject_bad_phones[0001234567]" time="0.009" /><testcase classname="tests.unit.test_enrichment" name="test_reject_bad_phones[61 412345678]" time="0.001" /><testcase classname="tests.unit.test_enrichment" name="test_reject_bad_phones[13 11 14]" time="0.001" /><testcase classname="tests.unit.test_enrichment" name="test_phone_e164_is_idempotent" time="0.002" /><testcase classname="tests.unit.test_enrichment" name="test_invalid_email_domains_do_not_become_candidates[a@example..com]" time="0.001" /><testcase classname="tests.unit.test_enrichment" name="test_invalid_email_domains_do_not_become_candidates[a@exam_ple.com]" time="0.001" /><testcase classname="tests.unit.test_enrichment" name="test_invalid_email_domains_do_not_become_candidates[a@exam/ple.com]" time="0.001" /><testcase classname="tests.unit.test_enrichment" name="test_invalid_email_domains_do_not_become_candidates[a..b@example.com]" time="0.001" /><testcase classname="tests.unit.test_enrichment" name="test_sourced_positioning_is_bounded_static_text" time="0.001" /><testcase classname="tests.unit.test_enrichment" name="test_private_psl_domains_and_blocklists_match_boundaries" time="0.001" /><testcase classname="tests.unit.test_enrichment" name="test_discovery_queries_bounded_and_deterministic" time="0.001" /><testcase classname="tests.unit.test_enrichment" name="test_exact_validated_abn_or_reviewer_corroboration_only" time="0.002" /><testcase classname="tests.unit.test_enrichment" name="test_latest_identity_rejection_and_expiry_override_pass" time="0.001" /><testcase classname="tests.unit.test_enrichment" name="test_budget_interrupt_resumes_completed_receipts_and_failures_cool_down" time="0.001" /><testcase classname="tests.unit.test_enrichment" name="test_ineligible_enrichment_never_runs[candidate0]" time="0.001" /><testcase classname="tests.unit.test_enrichment" name="test_ineligible_enrichment_never_runs[candidate1]" time="0.001" /><testcase classname="tests.unit.test_enrichment" name="test_ineligible_enrichment_never_runs[candidate2]" time="0.001" /><testcase classname="tests.unit.test_enrichment" name="test_ineligible_enrichment_never_runs[candidate3]" time="0.001" /><testcase classname="tests.unit.test_enrichment" name="test_ineligible_enrichment_never_runs[candidate4]" time="0.001" /><testcase classname="tests.unit.test_enrichment" name="test_call_window_boundaries[2026-09-07T22:59:59+00:00-False-OUTSIDE_CALL_WINDOW]" time="0.001" /><testcase classname="tests.unit.test_enrichment" name="test_call_window_boundaries[2026-09-07T23:00:00+00:00-True-CALL_WINDOW_PASSED]" time="0.001" /><testcase classname="tests.unit.test_enrichment" name="test_call_window_boundaries[2026-09-08T07:59:59+00:00-True-CALL_WINDOW_PASSED]" time="0.001" /><testcase classname="tests.unit.test_enrichment" name="test_call_window_boundaries[2026-09-08T08:00:00+00:00-False-OUTSIDE_CALL_WINDOW]" time="0.001" /><testcase classname="tests.unit.test_enrichment" name="test_call_window_boundaries[2026-09-12T07:00:00+00:00-False-OUTSIDE_CALL_WINDOW]" time="0.001" /><testcase classname="tests.unit.test_enrichment" name="test_call_window_boundaries[2026-09-13T00:00:00+00:00-False-SUNDAY]" time="0.001" /><testcase classname="tests.unit.test_enrichment" name="test_holiday_timezone_unknown_and_dst" time="0.011" /><testcase classname="tests.unit.test_enrichment" name="test_licence_expiry_and_invitation_is_independent" time="0.001" /><testcase classname="tests.unit.test_gohighlevel" name="test_readonly_metadata_preflight_never_promises_production" time="0.001" /><testcase classname="tests.unit.test_gohighlevel" name="test_preflight_detects_wrong_type_and_missing_fields" time="0.001" /><testcase classname="tests.unit.test_gohighlevel" name="test_closed_nonsecret_configuration[change0]" time="0.001" /><testcase classname="tests.unit.test_gohighlevel" name="test_closed_nonsecret_configuration[change1]" time="0.001" /><testcase classname="tests.unit.test_gohighlevel" name="test_closed_nonsecret_configuration[change2]" time="0.001" /><testcase classname="tests.unit.test_gohighlevel" name="test_closed_nonsecret_configuration[change3]" time="0.001" /><testcase classname="tests.unit.test_gohighlevel" name="test_closed_nonsecret_configuration[change4]" time="0.001" /><testcase classname="tests.unit.test_gohighlevel" name="test_no_ambient_token_fallback" time="0.001" /><testcase classname="tests.unit.test_gohighlevel" name="test_group_search_checks_exact_identity_and_complete_response" time="0.001" /><testcase classname="tests.unit.test_gohighlevel" name="test_search_never_uses_partial_or_endpoint_only_match[wrong_location]" time="0.001" /><testcase classname="tests.unit.test_gohighlevel" name="test_search_never_uses_partial_or_endpoint_only_match[wrong_identity]" time="0.001" /><testcase classname="tests.unit.test_gohighlevel" name="test_search_never_uses_partial_or_endpoint_only_match[duplicate_id]" time="0.001" /><testcase classname="tests.unit.test_gohighlevel" name="test_search_never_uses_partial_or_endpoint_only_match[truncated]" time="0.001" /><testcase classname="tests.unit.test_gohighlevel" name="test_search_never_uses_partial_or_endpoint_only_match[missing_total]" time="0.001" /><testcase classname="tests.unit.test_gohighlevel" name="test_fetch_reconstructs_owned_projection_without_unrelated_fields" time="0.001" /><testcase classname="tests.unit.test_gohighlevel" name="test_writes_require_both_enablement_and_current_authority[False-None]" time="0.001" /><testcase classname="tests.unit.test_gohighlevel" name="test_writes_require_both_enablement_and_current_authority[True-None]" time="0.001" /><testcase classname="tests.unit.test_gohighlevel" name="test_writes_require_both_enablement_and_current_authority[False-&lt;lambda&gt;]" time="0.001" /><testcase classname="tests.unit.test_gohighlevel" name="test_create_is_dnd_and_readback_verified_even_with_sparse_response" time="0.001" /><testcase classname="tests.unit.test_gohighlevel" name="test_create_never_retries_and_sanitizes_failure[timeout]" time="0.001" /><testcase classname="tests.unit.test_gohighlevel" name="test_create_never_retries_and_sanitizes_failure[server_error]" time="0.001" /><testcase classname="tests.unit.test_gohighlevel" name="test_create_never_retries_and_sanitizes_failure[rate_limit]" time="0.001" /><testcase classname="tests.unit.test_gohighlevel" name="test_create_never_retries_and_sanitizes_failure[redirect]" time="0.001" /><testcase classname="tests.unit.test_gohighlevel" name="test_create_never_retries_and_sanitizes_failure[bad_json]" time="0.002" /><testcase classname="tests.unit.test_gohighlevel" name="test_read_retries_rate_limit_then_succeeds" time="0.002" /><testcase classname="tests.unit.test_gohighlevel" name="test_long_rate_limit_is_returned_without_blocking_or_request_retry" time="0.001" /><testcase classname="tests.unit.test_gohighlevel" name="test_update_preserves_unrelated_tags_and_checks_guard_before_each_mutation" time="0.002" /><testcase classname="tests.unit.test_gohighlevel" name="test_authority_revocation_between_update_and_tag_change_stops" time="0.001" /><testcase classname="tests.unit.test_gohighlevel" name="test_suppressed_remote_is_never_reopened" time="0.001" /><testcase classname="tests.unit.test_gohighlevel" name="test_create_dnd_readback_must_be_true" time="0.002" /><testcase classname="tests.unit.test_gohighlevel" name="test_retry_after_numeric_date_and_malformed" time="0.001" /><testcase classname="tests.unit.test_gohighlevel" name="test_deep_json_response_is_sanitized" time="0.002" /><testcase classname="tests.unit.test_gohighlevel" name="test_suppression_cannot_keep_business_name" time="0.001" /><testcase classname="tests.unit.test_gohighlevel" name="test_candidate_business_name_must_be_bounded_plain_text[None]" time="0.001" /><testcase classname="tests.unit.test_gohighlevel" name="test_candidate_business_name_must_be_bounded_plain_text[business_name1]" time="0.001" /><testcase classname="tests.unit.test_gohighlevel" name="test_candidate_business_name_must_be_bounded_plain_text[]" time="0.001" /><testcase classname="tests.unit.test_gohighlevel" name="test_candidate_business_name_must_be_bounded_plain_text[ ]" time="0.001" /><testcase classname="tests.unit.test_gohighlevel" name="test_candidate_business_name_must_be_bounded_plain_text[aaaaaaaaaaaaaaaaaaaaaaaaaaaaaaaaaaaaaaaaaaaaaaaaaaaaaaaaaaaaaaaaaaaaaaaaaaaaaaaaaaaaaaaaaaaaaaaaaaaaaaaaaaaaaaaaaaaaaaaaaaaaaaaaaaaaaaaaaaaaaaaaaaaaaaaaaaaaaaaaaaaaaaaaaaaaaaaaaaaaaaaaaaaaaaaaaaaaaaaaaaaaaaaaaaaaaaaaaaaaaaaaaaaaaaaaaaaaaaaaaaaaaaaaaaaaaaaaaaaaaaaaaaaaaaaaaaaaaaaaaaaaaaaaaaaaaaaaaaaaa]" time="0.001" /><testcase classname="tests.unit.test_live_catalogue" name="test_inspection_observes_metadata_without_downloading_row_resources[qbcc]" time="0.001" /><testcase classname="tests.unit.test_live_catalogue" name="test_inspection_observes_metadata_without_downloading_row_resources[abr]" time="0.001" /><testcase classname="tests.unit.test_live_catalogue" name="test_transient_metadata_requests_retry_but_auth_errors_and_redirects_do_not" time="0.002" /><testcase classname="tests.unit.test_live_catalogue" name="test_timeouts_stop_at_five_attempts_and_never_leak_provider_error" time="0.001" /><testcase classname="tests.unit.test_live_catalogue" name="test_unknown_or_unsafe_publisher_data_is_held[&lt;lambda&gt;-DATASET_MISMATCH]" time="0.001" /><testcase classname="tests.unit.test_live_catalogue" name="test_unknown_or_unsafe_publisher_data_is_held[&lt;lambda&gt;-LICENCE_REVIEW_REQUIRED]" time="0.001" /><testcase classname="tests.unit.test_live_catalogue" name="test_unknown_or_unsafe_publisher_data_is_held[&lt;lambda&gt;-INVENTORY_INVALID0]" time="0.001" /><testcase classname="tests.unit.test_live_catalogue" name="test_unknown_or_unsafe_publisher_data_is_held[&lt;lambda&gt;-INVENTORY_INVALID1]" time="0.001" /><testcase classname="tests.unit.test_live_catalogue" name="test_unknown_or_unsafe_publisher_data_is_held[&lt;lambda&gt;-RESOURCE_SIZE_INVALID0]" time="0.001" /><testcase classname="tests.unit.test_live_catalogue" name="test_unknown_or_unsafe_publisher_data_is_held[&lt;lambda&gt;-RESOURCE_SIZE_INVALID1]" time="0.001" /><testcase classname="tests.unit.test_live_catalogue" name="test_unknown_or_unsafe_publisher_data_is_held[&lt;lambda&gt;-RESOURCE_SIZE_INVALID2]" time="0.001" /><testcase classname="tests.unit.test_live_catalogue" name="test_unknown_or_unsafe_publisher_data_is_held[&lt;lambda&gt;-RESOURCE_URL_INVALID]" time="0.001" /><testcase classname="tests.unit.test_live_catalogue" name="test_response_size_and_json_shape_are_bounded" time="0.002" /><testcase classname="tests.unit.test_live_catalogue" name="test_human_readable_size_is_preserved_without_inventing_an_exact_byte_length" time="0.001" /><testcase classname="tests.unit.test_live_catalogue" name="test_cli_failure_is_actionable_and_redacted" time="0.005" /><testcase classname="tests.unit.test_live_readiness" name="test_gates_and_switches_cannot_hide_unimplemented_runtime_paths" time="0.001" /><testcase classname="tests.unit.test_live_readiness" name="test_latest_expired_revision_blocks_older_approval_and_other_environment_is_ignored" time="0.001" /><testcase classname="tests.unit.test_live_readiness" name="test_pilot_does_not_claim_abr_or_need_elapsed_pilot_expansion_gate" time="0.001" /><testcase classname="tests.unit.test_live_readiness" name="test_database_outage_returns_redacted_blockers_without_loading_keys" time="0.027" /><testcase classname="tests.unit.test_live_readiness" name="test_live_admission_and_report_reject_the_same_invalid_evidence[invalid0]" time="0.001" /><testcase classname="tests.unit.test_live_readiness" name="test_live_admission_and_report_reject_the_same_invalid_evidence[invalid1]" time="0.001" /><testcase classname="tests.unit.test_live_readiness" name="test_live_admission_and_report_reject_the_same_invalid_evidence[invalid2]" time="0.001" /><testcase classname="tests.unit.test_live_readiness" name="test_live_admission_and_report_reject_the_same_invalid_evidence[invalid3]" time="0.001" /><testcase classname="tests.unit.test_live_readiness" name="test_live_admission_and_report_reject_the_same_invalid_evidence[invalid4]" time="0.001" /><testcase classname="tests.unit.test_live_readiness" name="test_live_admission_and_report_reject_the_same_invalid_evidence[invalid5]" time="0.001" /><testcase classname="tests.unit.test_live_readiness" name="test_live_admission_and_report_reject_the_same_invalid_evidence[invalid6]" time="0.001" /><testcase classname="tests.unit.test_live_readiness" name="test_intake_cli_accepts_aware_timestamp_and_preserves_declared_mode" time="0.007" /><testcase classname="tests.unit.test_live_readiness" name="test_intake_cli_preserves_closed_reason_without_reading_input_or_keys" time="0.005" /><testcase classname="tests.unit.test_live_readiness" name="test_intake_cli_rejects_dotenv_configuration_before_loading_it" time="0.005" /><testcase classname="tests.unit.test_live_readiness" name="test_intake_cleanup_cli_previews_by_default_and_reports_holds_as_failure" time="0.009" /><testcase classname="tests.unit.test_outputs" name="test_private_report_positive_path_and_escaped_artifacts" time="0.054" /><testcase classname="tests.unit.test_outputs" name="test_missing_and_expired_gate_masks_every_artifact[changes0]" time="0.057" /><testcase classname="tests.unit.test_outputs" name="test_missing_and_expired_gate_masks_every_artifact[changes1]" time="0.053" /><testcase classname="tests.unit.test_outputs" name="test_missing_and_expired_gate_masks_every_artifact[changes2]" time="0.056" /><testcase classname="tests.unit.test_outputs" name="test_missing_and_expired_gate_masks_every_artifact[changes3]" time="0.057" /><testcase classname="tests.unit.test_outputs" name="test_missing_and_expired_gate_masks_every_artifact[changes4]" time="0.052" /><testcase classname="tests.unit.test_outputs" name="test_missing_and_expired_gate_masks_every_artifact[changes5]" time="0.053" /><testcase classname="tests.unit.test_outputs" name="test_missing_and_expired_gate_masks_every_artifact[changes6]" time="0.052" /><testcase classname="tests.unit.test_outputs" name="test_unauthorised_reader_mask_and_no_overwrite" time="0.021" /><testcase classname="tests.unit.test_outputs" name="test_csv_formula_and_markdown_link_injection" time="0.041" /><testcase classname="tests.unit.test_outputs" name="test_duplicate_groups_rejected" time="0.002" /><testcase classname="tests.unit.test_outputs" name="test_time_unions_overlap_by_actor_clips_window_and_applies_corrections" time="0.001" /><testcase classname="tests.unit.test_outputs" name="test_cohort_distinct_denominators_fixed_tier_and_actual_dates" time="0.001" /><testcase classname="tests.unit.test_outputs" name="test_missing_costs_are_unknown_and_cash_authority_is_zero" time="0.001" /><testcase classname="tests.unit.test_outputs" name="test_every_explicit_alarm_flag_is_safe_and_deduplicated[integrity_failure]" time="0.002" /><testcase classname="tests.unit.test_outputs" name="test_every_explicit_alarm_flag_is_safe_and_deduplicated[schema_failure]" time="0.001" /><testcase classname="tests.unit.test_outputs" name="test_every_explicit_alarm_flag_is_safe_and_deduplicated[count_failure]" time="0.001" /><testcase classname="tests.unit.test_outputs" name="test_every_explicit_alarm_flag_is_safe_and_deduplicated[duplicate_failure]" time="0.001" /><testcase classname="tests.unit.test_outputs" name="test_every_explicit_alarm_flag_is_safe_and_deduplicated[unexpected_disappearance]" time="0.001" /><testcase classname="tests.unit.test_outputs" name="test_every_explicit_alarm_flag_is_safe_and_deduplicated[member_count_changed]" time="0.001" /><testcase classname="tests.unit.test_outputs" name="test_every_explicit_alarm_flag_is_safe_and_deduplicated[budget_stop]" time="0.001" /><testcase classname="tests.unit.test_outputs" name="test_every_explicit_alarm_flag_is_safe_and_deduplicated[quota_stop]" time="0.001" /><testcase classname="tests.unit.test_outputs" name="test_every_explicit_alarm_flag_is_safe_and_deduplicated[suppression_unconfirmed]" time="0.001" /><testcase classname="tests.unit.test_outputs" name="test_every_explicit_alarm_flag_is_safe_and_deduplicated[invalid_receipt]" time="0.001" /><testcase classname="tests.unit.test_outputs" name="test_every_explicit_alarm_flag_is_safe_and_deduplicated[writeback_conflict]" time="0.001" /><testcase classname="tests.unit.test_outputs" name="test_every_explicit_alarm_flag_is_safe_and_deduplicated[crm_reconciliation_pending]" time="0.001" /><testcase classname="tests.unit.test_outputs" name="test_every_explicit_alarm_flag_is_safe_and_deduplicated[policy_expired]" time="0.001" /><testcase classname="tests.unit.test_outputs" name="test_every_explicit_alarm_flag_is_safe_and_deduplicated[backup_failed]" time="0.001" /><testcase classname="tests.unit.test_outputs" name="test_every_explicit_alarm_flag_is_safe_and_deduplicated[restore_failed]" time="0.001" /><testcase classname="tests.unit.test_outputs" name="test_every_explicit_alarm_flag_is_safe_and_deduplicated[timer_heartbeat_missed]" time="0.001" /><testcase classname="tests.unit.test_outputs" name="test_every_explicit_alarm_flag_is_safe_and_deduplicated[spill_exhausted]" time="0.001" /><testcase classname="tests.unit.test_outputs" name="test_alarm_exact_boundaries_and_baseline_exceptions" time="0.001" /><testcase classname="tests.unit.test_outputs" name="test_statistical_alarms_use_explicit_baselines" time="0.001" /><testcase classname="tests.unit.test_outputs" name="test_capacity_exact_formula_unknown_bounds_and_no_existing_double_count" time="0.001" /><testcase classname="tests.unit.test_outputs" name="test_resource_sample_materialises_output_without_full_scale_claim" time="0.167" /><testcase classname="tests.unit.test_outputs" name="test_crm_field_map_is_typed_fixture_only" time="0.008" /><testcase classname="tests.unit.test_outputs" name="test_sheets_bridge_signed_reordered_row_and_immediate_optout" time="0.238" /><testcase classname="tests.unit.test_outputs" name="test_generated_worklist_preserves_outcomes_and_matches_closed_schema" time="0.049" /><testcase classname="tests.unit.test_outputs" name="test_empty_worklist_still_has_complete_bridge_headers" time="0.049" /><testcase classname="tests.unit.test_production_preparation" name="test_plan_rejects_secrets_approval_assertions_and_unsafe_paths[database_url-must-not-accept-secret]" time="0.004" /><testcase classname="tests.unit.test_production_preparation" name="test_plan_rejects_secrets_approval_assertions_and_unsafe_paths[approved_gates-value1]" time="0.003" /><testcase classname="tests.unit.test_production_preparation" name="test_plan_rejects_secrets_approval_assertions_and_unsafe_paths[environment_path-/etc/abr-engine/%n.env]" time="0.003" /><testcase classname="tests.unit.test_production_preparation" name="test_plan_rejects_secrets_approval_assertions_and_unsafe_paths[install_root-/opt/../etc/engine]" time="0.002" /><testcase classname="tests.unit.test_production_preparation" name="test_plan_rejects_secrets_approval_assertions_and_unsafe_paths[config_path-/etc/abr;touch/file]" time="0.002" /><testcase classname="tests.unit.test_production_preparation" name="test_plan_rejects_secrets_approval_assertions_and_unsafe_paths[service_user-root]" time="0.003" /><testcase classname="tests.unit.test_production_preparation" name="test_plan_rejects_secrets_approval_assertions_and_unsafe_paths[service_user-nobody]" time="0.002" /><testcase classname="tests.unit.test_production_preparation" name="test_plan_rejects_secrets_approval_assertions_and_unsafe_paths[state_root-/var/lib/engine/]" time="0.002" /><testcase classname="tests.unit.test_production_preparation" name="test_plan_rejects_secrets_approval_assertions_and_unsafe_paths[install_root-/opt]" time="0.002" /><testcase classname="tests.unit.test_production_preparation" name="test_example_is_explicitly_incomplete_and_capacity_uses_existing_formula" time="0.023" /><testcase classname="tests.unit.test_production_preparation" name="test_current_evidence_never_accepts_future_or_expired_records" time="0.003" /><testcase classname="tests.unit.test_production_preparation" name="test_code_state_and_private_configuration_are_separate" time="0.002" /><testcase classname="tests.unit.test_production_preparation" name="test_pilot_cannot_enable_abr_and_all_live_services_are_explicitly_gated" time="0.003" /><testcase classname="tests.unit.test_production_preparation" name="test_qbcc_review_cleanup_has_a_narrow_daily_schedule_independent_of_collection_gates[pilot]" time="0.002" /><testcase classname="tests.unit.test_production_preparation" name="test_qbcc_review_cleanup_has_a_narrow_daily_schedule_independent_of_collection_gates[production]" time="0.002" /><testcase classname="tests.unit.test_production_preparation" name="test_inventory_includes_qualification_and_excludes_private_config" time="0.066" /><testcase classname="tests.unit.test_production_preparation" name="test_inventory_rejects_private_files_before_reading_contents[.env]" time="0.008" /><testcase classname="tests.unit.test_production_preparation" name="test_inventory_rejects_private_files_before_reading_contents[.env.local]" time="0.008" /><testcase classname="tests.unit.test_production_preparation" name="test_inventory_rejects_private_files_before_reading_contents[runtime.env]" time="0.011" /><testcase classname="tests.unit.test_production_preparation" name="test_inventory_rejects_private_files_before_reading_contents[runtime.env.local]" time="0.013" /><testcase classname="tests.unit.test_production_preparation" name="test_inventory_rejects_private_files_before_reading_contents[private-key.pem]" time="0.013" /><testcase classname="tests.unit.test_production_preparation" name="test_inventory_rejects_private_files_before_reading_contents[credentials.json]" time="0.012" /><testcase classname="tests.unit.test_production_preparation" name="test_inventory_rejects_private_files_before_reading_contents[production-secrets.yaml]" time="0.012" /><testcase classname="tests.unit.test_production_preparation" name="test_inventory_rejects_private_files_before_reading_contents[key-store.json]" time="0.012" /><testcase classname="tests.unit.test_production_preparation" name="test_inventory_rejects_private_files_before_reading_contents[wrapping.key]" time="0.008" /><testcase classname="tests.unit.test_production_preparation" name="test_inventory_rejects_private_files_before_reading_contents[id_ed25519]" time="0.007" /><testcase classname="tests.unit.test_production_preparation" name="test_inventory_preserves_source_modules_documentation_and_static_assets[keys.py]" time="0.001" /><testcase classname="tests.unit.test_production_preparation" name="test_inventory_preserves_source_modules_documentation_and_static_assets[credential-setup.ps1]" time="0.001" /><testcase classname="tests.unit.test_production_preparation" name="test_inventory_preserves_source_modules_documentation_and_static_assets[secrets.md]" time="0.001" /><testcase classname="tests.unit.test_production_preparation" name="test_inventory_preserves_source_modules_documentation_and_static_assets[brand.ttf]" time="0.001" /><testcase classname="tests.unit.test_production_preparation" name="test_inventory_preserves_source_modules_documentation_and_static_assets[logo.svg]" time="0.001" /><testcase classname="tests.unit.test_production_preparation" name="test_inventory_preserves_source_modules_documentation_and_static_assets[report.html.j2]" time="0.001" /><testcase classname="tests.unit.test_production_preparation" name="test_inventory_rejects_sensitive_parent_before_reading_descendants[.env.d]" time="0.013" /><testcase classname="tests.unit.test_production_preparation" name="test_inventory_rejects_sensitive_parent_before_reading_descendants[credentials]" time="0.013" /><testcase classname="tests.unit.test_production_preparation" name="test_inventory_rejects_sensitive_parent_before_reading_descendants[nested/private-keys]" time="0.014" /><testcase classname="tests.unit.test_production_preparation" name="test_inventory_rejects_sensitive_parent_before_reading_descendants[secrets.py]" time="0.014" /><testcase classname="tests.unit.test_production_preparation" name="test_inventory_rejects_file_and_directory_links_before_read_or_descent[False-False]" time="0.009" /><testcase classname="tests.unit.test_production_preparation" name="test_inventory_rejects_file_and_directory_links_before_read_or_descent[True-False]" time="0.010" /><testcase classname="tests.unit.test_production_preparation" name="test_inventory_rejects_file_and_directory_links_before_read_or_descent[False-True]" time="0.011" /><testcase classname="tests.unit.test_production_preparation" name="test_inventory_rejects_file_and_directory_links_before_read_or_descent[True-True]" time="0.010" /><testcase classname="tests.unit.test_production_preparation" name="test_backup_validates_only_current_complete_deployment_bound_metadata" time="0.001" /><testcase classname="tests.unit.test_production_preparation" name="test_backup_rejects_offshore_unencrypted_and_secret_url_fields[changes0]" time="0.001" /><testcase classname="tests.unit.test_production_preparation" name="test_backup_rejects_offshore_unencrypted_and_secret_url_fields[changes1]" time="0.001" /><testcase classname="tests.unit.test_production_preparation" name="test_backup_rejects_offshore_unencrypted_and_secret_url_fields[changes2]" time="0.001" /><testcase classname="tests.unit.test_production_preparation" name="test_windows_or_wrong_host_cannot_invoke_core_release_check" time="0.027" /><testcase classname="tests.unit.test_production_preparation" name="test_manifest_plan_and_code_drift_are_both_rejected" time="0.002" /><testcase classname="tests.unit.test_production_preparation" name="test_monitor_scope_does_not_read_backup_or_depend_on_expired_gates" time="0.002" /><testcase classname="tests.unit.test_production_preparation" name="test_monitor_success_is_never_a_live_release_success" time="0.018" /><testcase classname="tests.unit.test_production_preparation" name="test_immutable_paths_reject_writable_ancestors_and_service_owned_children" time="0.006" /><testcase classname="tests.unit.test_production_preparation" name="test_core_check_uses_exact_supported_command_and_current_mode[pilot]" time="0.001" /><testcase classname="tests.unit.test_production_preparation" name="test_core_check_uses_exact_supported_command_and_current_mode[production]" time="0.001" /><testcase classname="tests.unit.test_production_preparation" name="test_core_check_never_accepts_partial_malformed_or_blocked_readiness[blocked]" time="0.001" /><testcase classname="tests.unit.test_production_preparation" name="test_core_check_never_accepts_partial_malformed_or_blocked_readiness[wrong_mode]" time="0.001" /><testcase classname="tests.unit.test_production_preparation" name="test_core_check_never_accepts_partial_malformed_or_blocked_readiness[no_authority]" time="0.001" /><testcase classname="tests.unit.test_production_preparation" name="test_core_check_never_accepts_partial_malformed_or_blocked_readiness[missing_capability]" time="0.001" /><testcase classname="tests.unit.test_production_preparation" name="test_core_check_never_accepts_partial_malformed_or_blocked_readiness[duplicate]" time="0.001" /><testcase classname="tests.unit.test_production_preparation" name="test_core_check_never_accepts_partial_malformed_or_blocked_readiness[unsafe_type]" time="0.001" /><testcase classname="tests.unit.test_production_preparation" name="test_core_check_never_accepts_partial_malformed_or_blocked_readiness[gate]" time="0.001" /><testcase classname="tests.unit.test_production_preparation" name="test_core_check_never_accepts_partial_malformed_or_blocked_readiness[empty]" time="0.001" /><testcase classname="tests.unit.test_production_preparation" name="test_core_check_never_accepts_partial_malformed_or_blocked_readiness[oversized]" time="0.001" /><testcase classname="tests.unit.test_production_preparation" name="test_core_check_never_accepts_partial_malformed_or_blocked_readiness[malformed]" time="0.001" /><testcase classname="tests.unit.test_production_preparation" name="test_core_timeout_is_bounded_and_redacted" time="0.001" /><testcase classname="tests.unit.test_production_preparation" name="test_render_does_not_overwrite_existing_release_or_claim_installation" time="0.048" />
[...]
lisher" name="test_observed_category_pairs_are_preserved_not_reclassified[2-Category 2]" time="0.017" /><testcase classname="tests.unit.test_qbcc_publisher" name="test_observed_category_pairs_are_preserved_not_reclassified[3-Category 3]" time="0.018" /><testcase classname="tests.unit.test_qbcc_publisher" name="test_observed_category_pairs_are_preserved_not_reclassified[4-Category 4]" time="0.016" /><testcase classname="tests.unit.test_qbcc_publisher" name="test_observed_category_pairs_are_preserved_not_reclassified[5-Category 5]" time="0.017" /><testcase classname="tests.unit.test_qbcc_publisher" name="test_observed_category_pairs_are_preserved_not_reclassified[6-Category 6]" time="0.016" /><testcase classname="tests.unit.test_qbcc_publisher" name="test_observed_category_pairs_are_preserved_not_reclassified[7-Category 7]" time="0.018" /><testcase classname="tests.unit.test_qbcc_publisher" name="test_observed_category_pairs_are_preserved_not_reclassified[SC2-Self Certification - Builder/Trade]" time="0.018" /><testcase classname="tests.unit.test_qbcc_publisher" name="test_observed_category_pairs_are_preserved_not_reclassified[SCT1-Self Certification - Trade]" time="0.016" /><testcase classname="tests.unit.test_qbcc_publisher" name="test_observed_category_pairs_are_preserved_not_reclassified[N/A-No Financials Required]" time="0.017" /><testcase classname="tests.unit.test_qbcc_publisher" name="test_observed_category_pairs_are_preserved_not_reclassified[EMRSC1-Estimated MR SC1]" time="0.018" /><testcase classname="tests.unit.test_qbcc_publisher" name="test_observed_category_pairs_are_preserved_not_reclassified[EMRSC2-Estimated MR SC2]" time="0.017" /><testcase classname="tests.unit.test_qbcc_publisher" name="test_observed_category_pairs_are_preserved_not_reclassified[EMR1-2-Estimated MR Cat 1-2]" time="0.015" /><testcase classname="tests.unit.test_qbcc_publisher" name="test_observed_category_pairs_are_preserved_not_reclassified[EMR3-7-Estimated MR Cat 3-7]" time="0.018" /><testcase classname="tests.unit.test_qbcc_publisher" name="test_unknown_enum_mismatch_and_invalid_abn_fail_closed[changes0-UNKNOWN_FINANCIAL_CATEGORY]" time="0.017" /><testcase classname="tests.unit.test_qbcc_publisher" name="test_unknown_enum_mismatch_and_invalid_abn_fail_closed[changes1-FINANCIAL_CATEGORY_DESCRIPTION_MISMATCH]" time="0.016" /><testcase classname="tests.unit.test_qbcc_publisher" name="test_unknown_enum_mismatch_and_invalid_abn_fail_closed[changes2-INVALID_ABN]" time="0.015" /><testcase classname="tests.unit.test_qbcc_publisher" name="test_schema_version_and_production_mapping_are_explicit" time="0.007" /><testcase classname="tests.unit.test_qbcc_publisher" name="test_publisher_reordered_header_encoding_and_bad_address_remain_strict" time="0.038" /><testcase classname="tests.unit.test_qualification_policy" name="test_all_score_combinations_match_exact_v4" time="0.002" /><testcase classname="tests.unit.test_qualification_policy" name="test_invalid_or_unapproved_policy_is_rejected[coefficient]" time="0.021" /><testcase classname="tests.unit.test_qualification_policy" name="test_invalid_or_unapproved_policy_is_rejected[unknown]" time="0.022" /><testcase classname="tests.unit.test_qualification_policy" name="test_invalid_or_unapproved_policy_is_rejected[missing]" time="0.021" /><testcase classname="tests.unit.test_qualification_policy" name="test_invalid_or_unapproved_policy_is_rejected[version]" time="0.019" /><testcase classname="tests.unit.test_qualification_policy" name="test_invalid_or_unapproved_policy_is_rejected[bool]" time="0.021" /><testcase classname="tests.unit.test_qualification_policy" name="test_invalid_or_unapproved_policy_is_rejected[postcode]" time="0.019" /><testcase classname="tests.unit.test_qualification_policy" name="test_duplicate_keys_and_mutation_are_rejected" time="0.013" /><testcase classname="tests.unit.test_qualification_policy" name="test_qualification_boundaries_and_version_are_preserved" time="0.001" /><testcase classname="tests.unit.test_recovered_rule_review" name="test_recovered_corpus_has_exact_order_and_remains_unapproved" time="0.034" /><testcase classname="tests.unit.test_recovered_rule_review" name="test_v4_name_selection_and_recovered_overlap_rules[names0-legacy-03-high-Example Solar]" time="0.008" /><testcase classname="tests.unit.test_recovered_rule_review" name="test_v4_name_selection_and_recovered_overlap_rules[names1-legacy-21-high-A Builder]" time="0.008" /><testcase classname="tests.unit.test_recovered_rule_review" name="test_v4_name_selection_and_recovered_overlap_rules[names2-legacy-01-medium-Example Plumber]" time="0.009" /><testcase classname="tests.unit.test_recovered_rule_review" name="test_v4_name_selection_and_recovered_overlap_rules[names3-legacy-03-medium-Example Solar]" time="0.008" /><testcase classname="tests.unit.test_recovered_rule_review" name="test_v4_name_selection_and_recovered_overlap_rules[names4-legacy-01-high-Plumbing Electrical]" time="0.008" /><testcase classname="tests.unit.test_recovered_rule_review" name="test_v4_name_selection_and_recovered_overlap_rules[names5-legacy-03-high-  Example   SOLAR  ]" time="0.008" /><testcase classname="tests.unit.test_recovered_rule_review" name="test_v4_name_selection_and_recovered_overlap_rules[names6-legacy-03-high-Example \uff33\uff2f\uff2c\uff21\uff32]" time="0.013" /><testcase classname="tests.unit.test_recovered_rule_review" name="test_v4_name_selection_and_recovered_overlap_rules[names7-None-none-None]" time="0.008" /><testcase classname="tests.unit.test_recovered_rule_review" name="test_v4_name_selection_and_recovered_overlap_rules[names8-None-none-None]" time="0.008" /><testcase classname="tests.unit.test_recovered_rule_review" name="test_v4_name_selection_and_recovered_overlap_rules[names9-None-none-None]" time="0.008" /><testcase classname="tests.unit.test_sheets_install" name="test_standalone_sheet_installer_authority_and_idempotency" time="0.104" /><testcase classname="tests.unit.test_sources" name="test_streaming_namespace_entities_empty_gst_and_readback" time="0.052" /><testcase classname="tests.unit.test_sources" name="test_parser_rejects_invalid_sources[&lt;Transfer error=&quot;false&quot;&gt;&lt;TransferInfo&gt;&lt;FileSequenceNumber&gt;1&lt;/FileSequenceNumber&gt;&lt;RecordCount&gt;2&lt;/RecordCount&gt;&lt;ExtractTime&gt;2026-09-08T00:00:00&lt;/ExtractTime&gt;&lt;FixtureGeneration&gt;fixture-1&lt;/FixtureGeneration&gt;&lt;/TransferInfo&gt;&lt;ABR&gt;&lt;ABN date=&quot;2024-01-31&quot; status=&quot;ACT&quot;&gt;10000000000&lt;/ABN&gt;&lt;GST/&gt;&lt;EntityType&gt;COMPANY&lt;/EntityType&gt;&lt;MainName&gt;Example &amp;amp; Sons&lt;/MainName&gt;&lt;State&gt;QLD&lt;/State&gt;&lt;Postcode&gt;4000&lt;/Postcode&gt;&lt;Names&gt;&lt;/Names&gt;&lt;/ABR&gt;&lt;/Transfer&gt;-RECORD_COUNT_MISMATCH]" time="0.036" /><testcase classname="tests.unit.test_sources" name="test_parser_rejects_invalid_sources[&lt;Transfer error=&quot;false&quot;&gt;&lt;TransferInfo&gt;&lt;FileSequenceNumber&gt;1&lt;/FileSequenceNumber&gt;&lt;RecordCount&gt;2&lt;/RecordCount&gt;&lt;ExtractTime&gt;2026-09-08T00:00:00&lt;/ExtractTime&gt;&lt;FixtureGeneration&gt;fixture-1&lt;/FixtureGeneration&gt;&lt;/TransferInfo&gt;&lt;ABR&gt;&lt;ABN date=&quot;2024-01-31&quot; status=&quot;ACT&quot;&gt;10000000000&lt;/ABN&gt;&lt;GST/&gt;&lt;EntityType&gt;COMPANY&lt;/EntityType&gt;&lt;MainName&gt;Example &amp;amp; Sons&lt;/MainName&gt;&lt;State&gt;QLD&lt;/State&gt;&lt;Postcode&gt;4000&lt;/Postcode&gt;&lt;Names&gt;&lt;/Names&gt;&lt;/ABR&gt;&lt;ABR&gt;&lt;ABN date=&quot;2024-01-31&quot; status=&quot;ACT&quot;&gt;10000000000&lt;/ABN&gt;&lt;GST/&gt;&lt;EntityType&gt;COMPANY&lt;/EntityType&gt;&lt;MainName&gt;Example &amp;amp; Sons&lt;/MainName&gt;&lt;State&gt;QLD&lt;/State&gt;&lt;Postcode&gt;4000&lt;/Postcode&gt;&lt;Names&gt;&lt;/Names&gt;&lt;/ABR&gt;&lt;/Transfer&gt;-DUPLICATE_ABN]" time="0.035" /><testcase classname="tests.unit.test_sources" name="test_parser_rejects_invalid_sources[&lt;Transfer error=&quot;false&quot;&gt;&lt;TransferInfo&gt;&lt;FileSequenceNumber&gt;1&lt;/FileSequenceNumber&gt;&lt;RecordCount&gt;1&lt;/RecordCount&gt;&lt;ExtractTime&gt;2026-09-08T00:00:00&lt;/ExtractTime&gt;&lt;FixtureGeneration&gt;fixture-1&lt;/FixtureGeneration&gt;&lt;/TransferInfo&gt;&lt;ABR&gt;&lt;ABN date=&quot;2024-01-31&quot; status=&quot;UNKNOWN&quot;&gt;10000000000&lt;/ABN&gt;&lt;GST/&gt;&lt;EntityType&gt;COMPANY&lt;/EntityType&gt;&lt;MainName&gt;Example &amp;amp; Sons&lt;/MainName&gt;&lt;State&gt;QLD&lt;/State&gt;&lt;Postcode&gt;4000&lt;/Postcode&gt;&lt;Names&gt;&lt;/Names&gt;&lt;/ABR&gt;&lt;/Transfer&gt;-UNKNOWN_ENUM]" time="0.030" /><testcase classname="tests.unit.test_sources" name="test_parser_rejects_invalid_sources[&lt;Transfer error=&quot;false&quot;&gt;&lt;TransferInfo&gt;&lt;FileSequenceNumber&gt;1&lt;/FileSequenceNumber&gt;&lt;RecordCount&gt;1&lt;/RecordCount&gt;&lt;ExtractTime&gt;2026-09-08T00:00:00&lt;/ExtractTime&gt;&lt;FixtureGeneration&gt;fixture-1&lt;/FixtureGeneration&gt;&lt;/TransferInfo&gt;&lt;ABR&gt;&lt;ABN date=&quot;2024-01-31&quot; status=&quot;ACT&quot;&gt;12345678901&lt;/ABN&gt;&lt;GST/&gt;&lt;EntityType&gt;COMPANY&lt;/EntityType&gt;&lt;MainName&gt;Example &amp;amp; Sons&lt;/MainName&gt;&lt;State&gt;QLD&lt;/State&gt;&lt;Postcode&gt;4000&lt;/Postcode&gt;&lt;Names&gt;&lt;/Names&gt;&lt;/ABR&gt;&lt;/Transfer&gt;-INVALID_ABN]" time="0.040" /><testcase classname="tests.unit.test_sources" name="test_parser_rejects_invalid_sources[&lt;Transfer error=&quot;false&quot;&gt;&lt;TransferInfo&gt;&lt;FileSequenceNumber&gt;1&lt;/FileSequenceNumber&gt;&lt;RecordCount&gt;1&lt;/RecordCount&gt;&lt;ExtractTime&gt;2026-09-08T00:00:00&lt;/ExtractTime&gt;&lt;FixtureGeneration&gt;fixture-1&lt;/FixtureGeneration&gt;&lt;/TransferInfo&gt;&lt;ABR&gt;&lt;ABN date=&quot;2024-01-31&quot; status=&quot;ACT&quot;&gt;10000000000&lt;/ABN&gt;&lt;GST/&gt;&lt;EntityType&gt;COMPANY&lt;/EntityType&gt;&lt;MainName&gt;Example &amp;amp; Sons&lt;/MainName&gt;&lt;State/&gt;&lt;Postcode&gt;4000&lt;/Postcode&gt;&lt;Names&gt;&lt;/Names&gt;&lt;/ABR&gt;&lt;/Transfer&gt;-REQUIRED_FIELD_MISSING]" time="0.031" /><testcase classname="tests.unit.test_sources" name="test_parser_rejects_invalid_sources[&lt;Transfer error=&quot;false&quot;&gt;&lt;TransferInfo&gt;&lt;FileSequenceNumber&gt;1&lt;/FileSequenceNumber&gt;&lt;RecordCount&gt;1&lt;/RecordCount&gt;&lt;ExtractTime&gt;2026-09-08T00:00:00&lt;/ExtractTime&gt;&lt;FixtureGeneration&gt;fixture-1&lt;/FixtureGeneration&gt;&lt;/TransferInfo&gt;&lt;ABR&gt;&lt;ABN date=&quot;2024-01-31&quot; status=&quot;ACT&quot;&gt;10000000000&lt;/ABN&gt;&lt;GST/&gt;&lt;EntityType&gt;NEW_ENUM&lt;/EntityType&gt;&lt;MainName&gt;Example &amp;amp; Sons&lt;/MainName&gt;&lt;State&gt;QLD&lt;/State&gt;&lt;Postcode&gt;4000&lt;/Postcode&gt;&lt;Names&gt;&lt;/Names&gt;&lt;/ABR&gt;&lt;/Transfer&gt;-UNKNOWN_ENTITY_TYPE]" time="0.032" /><testcase classname="tests.unit.test_sources" name="test_parser_rejects_invalid_sources[&lt;Transfer error=&quot;false&quot;&gt;&lt;TransferInfo&gt;&lt;FileSequenceNumber&gt;1&lt;/FileSequenceNumber&gt;&lt;RecordCount&gt;1&lt;/RecordCount&gt;&lt;ExtractTime&gt;2026-09-08T00:00:00&lt;/ExtractTime&gt;&lt;FixtureGeneration&gt;&lt;/FixtureGeneration&gt;&lt;/TransferInfo&gt;&lt;ABR&gt;&lt;ABN date=&quot;2024-01-31&quot; status=&quot;ACT&quot;&gt;10000000000&lt;/ABN&gt;&lt;GST/&gt;&lt;EntityType&gt;COMPANY&lt;/EntityType&gt;&lt;MainName&gt;Example &amp;amp; Sons&lt;/MainName&gt;&lt;State&gt;QLD&lt;/State&gt;&lt;Postcode&gt;4000&lt;/Postcode&gt;&lt;Names&gt;&lt;/Names&gt;&lt;/ABR&gt;&lt;/Transfer&gt;-GENERATION_UNPROVABLE]" time="0.026" /><testcase classname="tests.unit.test_sources" name="test_parser_rejects_invalid_sources[&lt;!DOCTYPE Transfer [&lt;!ENTITY e SYSTEM &quot;file:///etc/passwd&quot;&gt;]&gt;&lt;Transfer error=&quot;false&quot;&gt;&lt;TransferInfo&gt;&lt;FileSequenceNumber&gt;1&lt;/FileSequenceNumber&gt;&lt;RecordCount&gt;1&lt;/RecordCount&gt;&lt;ExtractTime&gt;2026-09-08T00:00:00&lt;/ExtractTime&gt;&lt;FixtureGeneration&gt;fixture-1&lt;/FixtureGeneration&gt;&lt;/TransferInfo&gt;&lt;ABR&gt;&lt;ABN date=&quot;2024-01-31&quot; status=&quot;ACT&quot;&gt;10000000000&lt;/ABN&gt;&lt;GST/&gt;&lt;EntityType&gt;COMPANY&lt;/EntityType&gt;&lt;MainName&gt;Example &amp;amp; Sons&lt;/MainName&gt;&lt;State&gt;QLD&lt;/State&gt;&lt;Postcode&gt;4000&lt;/Postcode&gt;&lt;Names&gt;&lt;/Names&gt;&lt;/ABR&gt;&lt;/Transfer&gt;-UNSAFE_XML]" time="0.032" /><testcase classname="tests.unit.test_sources" name="test_parser_rejects_invalid_sources[&lt;!DOCTYPE Transfer&gt;&lt;Transfer error=&quot;false&quot;&gt;&lt;TransferInfo&gt;&lt;FileSequenceNumber&gt;1&lt;/FileSequenceNumber&gt;&lt;RecordCount&gt;1&lt;/RecordCount&gt;&lt;ExtractTime&gt;2026-09-08T00:00:00&lt;/ExtractTime&gt;&lt;FixtureGeneration&gt;fixture-1&lt;/FixtureGeneration&gt;&lt;/TransferInfo&gt;&lt;ABR&gt;&lt;ABN date=&quot;2024-01-31&quot; status=&quot;ACT&quot;&gt;10000000000&lt;/ABN&gt;&lt;GST/&gt;&lt;EntityType&gt;COMPANY&lt;/EntityType&gt;&lt;MainName&gt;Example &amp;amp; Sons&lt;/MainName&gt;&lt;State&gt;QLD&lt;/State&gt;&lt;Postcode&gt;4000&lt;/Postcode&gt;&lt;Names&gt;&lt;/Names&gt;&lt;/ABR&gt;&lt;/Transfer&gt;-UNSAFE_XML]" time="0.032" /><testcase classname="tests.unit.test_sources" name="test_large_record_and_canary_hold" time="0.072" /><testcase classname="tests.unit.test_sources" name="test_schema_drift_is_held[&lt;Transfer error=&quot;false&quot;&gt;&lt;TransferInfo&gt;&lt;FileSequenceNumber&gt;1&lt;/FileSequenceNumber&gt;&lt;RecordCount&gt;1&lt;/RecordCount&gt;&lt;ExtractTime&gt;2026-09-08T00:00:00&lt;/ExtractTime&gt;&lt;FixtureGeneration&gt;fixture-1&lt;/FixtureGeneration&gt;&lt;/TransferInfo&gt;&lt;ABR&gt;&lt;ABN date=&quot;2024-01-31&quot; status=&quot;ACT&quot;&gt;10000000000&lt;/ABN&gt;&lt;GST/&gt;&lt;EntityType&gt;COMPANY&lt;/EntityType&gt;&lt;MainName unexpected='x'&gt;Example &amp;amp; Sons&lt;/MainName&gt;&lt;State&gt;QLD&lt;/State&gt;&lt;Postcode&gt;4000&lt;/Postcode&gt;&lt;Names&gt;&lt;/Names&gt;&lt;/ABR&gt;&lt;/Transfer&gt;-UNKNOWN_SCHEMA_ATTRIBUTE]" time="0.031" /><testcase classname="tests.unit.test_sources" name="test_schema_drift_is_held[&lt;Transfer error=&quot;false&quot;&gt;&lt;TransferInfo&gt;&lt;FileSequenceNumber&gt;1&lt;/FileSequenceNumber&gt;&lt;RecordCount&gt;1&lt;/RecordCount&gt;&lt;ExtractTime&gt;2026-09-08T00:00:00&lt;/ExtractTime&gt;&lt;FixtureGeneration&gt;fixture-1&lt;/FixtureGeneration&gt;&lt;/TransferInfo&gt;&lt;ABR&gt;&lt;ABN date=&quot;2024-01-31&quot; status=&quot;ACT&quot;&gt;10000000000&lt;/ABN&gt;&lt;GST/&gt;&lt;EntityType&gt;COMPANY&lt;/EntityType&gt;&lt;MainName&gt;Example &amp;amp; Sons&lt;/MainName&gt;&lt;State&gt;QLD&lt;/State&gt;&lt;Postcode&gt;4000&lt;/Postcode&gt;&lt;Names&gt;&lt;/Names&gt;&lt;Unexpected&gt;new&lt;/Unexpected&gt;&lt;/ABR&gt;&lt;/Transfer&gt;-UNKNOWN_SCHEMA_FIELD]" time="0.031" /><testcase classname="tests.unit.test_sources" name="test_schema_drift_is_held[&lt;Transfer error=&quot;false&quot;&gt;&lt;TransferInfo&gt;&lt;FileSequenceNumber&gt;1&lt;/FileSequenceNumber&gt;&lt;RecordCount&gt;1&lt;/RecordCount&gt;&lt;ExtractTime&gt;2026-09-08T00:00:00&lt;/ExtractTime&gt;&lt;FixtureGeneration&gt;fixture-1&lt;/FixtureGeneration&gt;&lt;/TransferInfo&gt;&lt;ABR&gt;&lt;ABN date=&quot;2024-01-31&quot; status=&quot;ACT&quot;&gt;10000000000&lt;/ABN&gt;&lt;GST/&gt;&lt;EntityType&gt;COMPANY&lt;/EntityType&gt;&lt;MainName&gt;Example &amp;amp; Sons&lt;/MainName&gt;&lt;State&gt;QLD&lt;/State&gt;&lt;Postcode&gt;4000&lt;/Postcode&gt;&lt;Names&gt;&lt;/Names&gt;&lt;State&gt;NSW&lt;/State&gt;&lt;/ABR&gt;&lt;/Transfer&gt;-DUPLICATE_SCHEMA_FIELD]" time="0.034" /><testcase classname="tests.unit.test_sources" name="test_schema_drift_is_held[&lt;Transfer error=&quot;false&quot;&gt;&lt;TransferInfo&gt;&lt;FileSequenceNumber&gt;1&lt;/FileSequenceNumber&gt;&lt;RecordCount&gt;1&lt;/RecordCount&gt;&lt;ExtractTime&gt;unknown&lt;/ExtractTime&gt;&lt;FixtureGeneration&gt;fixture-1&lt;/FixtureGeneration&gt;&lt;/TransferInfo&gt;&lt;ABR&gt;&lt;ABN date=&quot;2024-01-31&quot; status=&quot;ACT&quot;&gt;10000000000&lt;/ABN&gt;&lt;GST/&gt;&lt;EntityType&gt;COMPANY&lt;/EntityType&gt;&lt;MainName&gt;Example &amp;amp; Sons&lt;/MainName&gt;&lt;State&gt;QLD&lt;/State&gt;&lt;Postcode&gt;4000&lt;/Postcode&gt;&lt;Names&gt;&lt;/Names&gt;&lt;/ABR&gt;&lt;/Transfer&gt;-INVALID_EXTRACT_TIME]" time="0.031" /><testcase classname="tests.unit.test_sources" name="test_schema_drift_is_held[&lt;Transfer error=&quot;false&quot;&gt;&lt;TransferInfo&gt;&lt;FileSequenceNumber&gt;1&lt;/FileSequenceNumber&gt;&lt;RecordCount&gt;1&lt;/RecordCount&gt;&lt;ExtractTime&gt;2026-09-08T00:00:00&lt;/ExtractTime&gt;&lt;FixtureGeneration&gt;fixture-1&lt;/FixtureGeneration&gt;&lt;/TransferInfo&gt;&lt;ABR&gt;&lt;ABN date=&quot;2024-01-31&quot; status=&quot;ACT&quot;&gt;10000000000&lt;/ABN&gt;&lt;GST date=&quot;2026-09-01&quot;/&gt;&lt;EntityType&gt;COMPANY&lt;/EntityType&gt;&lt;MainName&gt;Example &amp;amp; Sons&lt;/MainName&gt;&lt;State&gt;QLD&lt;/State&gt;&lt;Postcode&gt;4000&lt;/Postcode&gt;&lt;Names&gt;&lt;/Names&gt;&lt;/ABR&gt;&lt;/Transfer&gt;-GST_DATE_WITHOUT_STATUS]" time="0.035" /><testcase classname="tests.unit.test_sources" name="test_header_text_depth_and_utf16_doctype_bounded" time="0.107" /><testcase classname="tests.unit.test_sources" name="test_production_fixture_mapping_blocked" time="0.005" /><testcase classname="tests.unit.test_sources" name="test_exact_content_projection_and_compression_independence" time="0.001" /><testcase classname="tests.unit.test_sources" name="test_archives_recompressed_same_identity" time="0.167" /><testcase classname="tests.unit.test_sources" name="test_unsafe_archive_member[../part.xml]" time="0.014" /><testcase classname="tests.unit.test_sources" name="test_unsafe_archive_member[/part.xml]" time="0.013" /><testcase classname="tests.unit.test_sources" name="test_unsafe_archive_member[nested.zip]" time="0.015" /><testcase classname="tests.unit.test_sources" name="test_unsafe_archive_member[C:part.xml]" time="0.014" /><testcase classname="tests.unit.test_sources" name="test_unsafe_archive_member[dir\\part.xml]" time="0.015" /><testcase classname="tests.unit.test_sources" name="test_inventory_change_and_generation_mismatch" time="0.101" /><testcase classname="tests.unit.test_sources" name="test_full_diff_baseline_multi_events_disappearance_and_recurrence" time="0.490" /><testcase classname="tests.unit.test_sources" name="test_name_reordering_semantic_noop" time="0.184" /><testcase classname="tests.unit.test_sources" name="test_qbcc_collapse_missing_abn_conflict_quarantine_and_backlog" time="0.036" /><testcase classname="tests.unit.test_sources" name="test_qbcc_wrong_encoding_and_header" time="0.025" /><testcase classname="tests.unit.test_sources" name="test_rules_priority_sort_literals_otn_and_gate" time="0.014" /><testcase classname="tests.unit.test_sources" name="test_completed_months[start0-end0-1]" time="0.001" /><testcase classname="tests.unit.test_sources" name="test_completed_months[start1-end1-0]" time="0.001" /><testcase classname="tests.unit.test_sources" name="test_completed_months[start2-end2-1]" time="0.001" /><testcase classname="tests.unit.test_sources" name="test_completed_months[start3-end3-None]" time="0.001" /><testcase classname="tests.unit.test_sources" name="test_tiering_does_not_infer_new_business_or_turnover" time="0.001" /><testcase classname="tests.unit.test_sources" name="test_200_to_60_fairness_dedup_expiry_and_total_order" time="0.002" /><testcase classname="tests.unit.test_sources" name="test_download_strong_validator_resume_and_size_hash" time="0.014" /><testcase classname="tests.unit.test_sources" name="test_download_weak_validator_or_200_restarts[W/&quot;weak&quot;-200]" time="0.014" /><testcase classname="tests.unit.test_sources" name="test_download_weak_validator_or_200_restarts[&quot;strong&quot;-200]" time="0.009" /><testcase classname="tests.unit.test_sources" name="test_download_bad_resume_and_attempt_limit" time="0.007" /></testsuite></testsuites>